========================================================= 
GOL Running with following 
========================================================= 
Requesting grid size of (10000,10000), which requires 0.372529 GB 
Number of steps 10 
IC type 0 
Visualization type -1 
Neighbour rule type 1 
Boundary rule type 0 
========================================================= 
 
========================================================= 
Core binding report:
 On node DESKTOP-CK6525M : MPI Rank 0 :  Thread 0 :  Core affinity = 0-7 
========================================================= 
 
========================================================= 
Memory Usage @ Function report_runtime_state @ 354 
 (VM, Peak VM, RSS, Peak RSS) = (3080, 3080, 1156, 1156) kilobytes 
========================================================= 
 
========================================================= 
Memory Usage @ Function generate_IC @ 301 
 (VM, Peak VM, RSS, Peak RSS) = (784336, 784336, 392788, 392788) kilobytes 
========================================================= 
 
Game of Life, Step 0:
Elapsed time 0.207806 s
Game of Life, Step 1:
Elapsed time 0.174395 s
Game of Life, Step 2:
Elapsed time 0.226971 s
Game of Life, Step 3:
Elapsed time 0.218586 s
Game of Life, Step 4:
Elapsed time 0.178886 s
Game of Life, Step 5:
Elapsed time 0.175701 s
Game of Life, Step 6:
Elapsed time 0.192236 s
Game of Life, Step 7:
Elapsed time 0.151049 s
Game of Life, Step 8:
Elapsed time 0.156016 s
Game of Life, Step 9:
Elapsed time 0.164659 s
Finnished GOL
Elapsed time 1.846423 s
