========================================================= 
GOL Running with following 
========================================================= 
Requesting grid size of (2500,2500), which requires 0.023283 GB 
Number of steps 2 
IC type 0 
Visualization type -1 
Neighbour rule type 0 
Boundary rule type 0 
========================================================= 
 
========================================================= 
Core binding report:
 On node DESKTOP-1DDDBB6 : MPI Rank 0 :  Thread 0 :  Core affinity = 0-5 
========================================================= 
 
========================================================= 
Memory Usage @ Function report_runtime_state @ 354 
 (VM, Peak VM, RSS, Peak RSS) = (2784, 2784, 1104, 1104) kilobytes 
========================================================= 
 
========================================================= 
Memory Usage @ Function generate_IC @ 301 
 (VM, Peak VM, RSS, Peak RSS) = (51616, 51616, 26104, 26104) kilobytes 
========================================================= 
 
Game of Life, Step 0:
Elapsed time 0.260186 s
Game of Life, Step 1:
Elapsed time 0.262534 s
Finnished GOL
Elapsed time 0.522732 s
