========================================================= 
GOL Running with following 
========================================================= 
Requesting grid size of (100,100), which requires 0.000037 GB 
Number of steps 5 
IC type 0 
Visualization type -1 
Neighbour rule type 0 
Boundary rule type 0 
========================================================= 
 
========================================================= 
Core binding report:
 On node DESKTOP-1DDDBB6 : MPI Rank 0 :  Thread 0 :  Core affinity = 0-5 
========================================================= 
 
========================================================= 
Memory Usage @ Function report_runtime_state @ 354 
 (VM, Peak VM, RSS, Peak RSS) = (2784, 2784, 1096, 1096) kilobytes 
========================================================= 
 
========================================================= 
Memory Usage @ Function generate_IC @ 301 
 (VM, Peak VM, RSS, Peak RSS) = (2784, 2784, 1096, 1096) kilobytes 
========================================================= 
 
Game of Life, Step 0:
Elapsed time 0.000173 s
Game of Life, Step 1:
Elapsed time 0.000105 s
Game of Life, Step 2:
Elapsed time 0.000102 s
Game of Life, Step 3:
Elapsed time 0.000261 s
Game of Life, Step 4:
Elapsed time 0.000105 s
Finnished GOL
Elapsed time 0.000752 s
