========================================================= 
GOL Running with following 
========================================================= 
Requesting grid size of (100,100), which requires 0.000037 GB 
Number of steps 5 
IC type 0 
Visualization type -1 
Neighbour rule type 0 
Boundary rule type 0 
========================================================= 
 
========================================================= 
Core binding report:
 On node DESKTOP-1DDDBB6 : MPI Rank 0 :  Thread 0 :  Core affinity = 0-5 
========================================================= 
 
========================================================= 
Memory Usage @ Function report_runtime_state @ 354 
 (VM, Peak VM, RSS, Peak RSS) = (2784, 2784, 1088, 1088) kilobytes 
========================================================= 
 
========================================================= 
Memory Usage @ Function generate_IC @ 301 
 (VM, Peak VM, RSS, Peak RSS) = (2784, 2784, 1088, 1088) kilobytes 
========================================================= 
 
Game of Life, Step 0:
Elapsed time 0.000279 s
Game of Life, Step 1:
Elapsed time 0.000098 s
Game of Life, Step 2:
Elapsed time 0.000114 s
Game of Life, Step 3:
Elapsed time 0.000094 s
Game of Life, Step 4:
Elapsed time 0.000110 s
Finnished GOL
Elapsed time 0.000699 s
