========================================================= 
GOL Running with following 
========================================================= 
Requesting grid size of (40000,40000), which requires 5.960464 GB 
Number of steps 10 
IC type 0 
Visualization type -1 
Neighbour rule type 1 
Boundary rule type 0 
========================================================= 
 
========================================================= 
Core binding report:
 On node DESKTOP-1DDDBB6 : MPI Rank 0 :  Thread 0 :  Core affinity = 0-5 
========================================================= 
 
========================================================= 
Memory Usage @ Function report_runtime_state @ 354 
 (VM, Peak VM, RSS, Peak RSS) = (3080, 3080, 1104, 1104) kilobytes 
========================================================= 
 
========================================================= 
Memory Usage @ Function generate_IC @ 301 
 (VM, Peak VM, RSS, Peak RSS) = (12503088, 12503088, 6251936, 6251936) kilobytes 
========================================================= 
 
Game of Life, Step 0:
Elapsed time 8.261353 s
Game of Life, Step 1:
Elapsed time 5.226387 s
Game of Life, Step 2:
Elapsed time 4.949844 s
Game of Life, Step 3:
Elapsed time 4.878768 s
Game of Life, Step 4:
Elapsed time 4.822244 s
Game of Life, Step 5:
Elapsed time 4.802656 s
Game of Life, Step 6:
Elapsed time 4.817449 s
Game of Life, Step 7:
Elapsed time 4.752268 s
Game of Life, Step 8:
Elapsed time 4.770365 s
Game of Life, Step 9:
Elapsed time 4.735599 s
Finnished GOL
Elapsed time 52.016982 s
