========================================================= 
GOL Running with following 
========================================================= 
Requesting grid size of (10,10), which requires 0.000000 GB 
Number of steps 10 
IC type 0 
Visualization type -1 
Neighbour rule type 1 
Boundary rule type 0 
========================================================= 
 
========================================================= 
Core binding report:
 On node DESKTOP-1DDDBB6 : MPI Rank 0 :  Thread 0 :  Core affinity = 0-5 
========================================================= 
 
========================================================= 
Memory Usage @ Function report_runtime_state @ 354 
 (VM, Peak VM, RSS, Peak RSS) = (3080, 3080, 1160, 1160) kilobytes 
========================================================= 
 
========================================================= 
Memory Usage @ Function generate_IC @ 301 
 (VM, Peak VM, RSS, Peak RSS) = (3080, 3080, 1160, 1160) kilobytes 
========================================================= 
 
Game of Life, Step 0:
Elapsed time 0.001133 s
Game of Life, Step 1:
Elapsed time 0.000612 s
Game of Life, Step 2:
Elapsed time 0.000589 s
Game of Life, Step 3:
Elapsed time 0.000559 s
Game of Life, Step 4:
Elapsed time 0.000579 s
Game of Life, Step 5:
Elapsed time 0.000586 s
Game of Life, Step 6:
Elapsed time 0.000601 s
Game of Life, Step 7:
Elapsed time 0.000582 s
Game of Life, Step 8:
Elapsed time 0.000582 s
Game of Life, Step 9:
Elapsed time 0.000565 s
Finnished GOL
Elapsed time 0.006404 s
