========================================================= 
GOL Running with following 
========================================================= 
Requesting grid size of (40000,40000), which requires 5.960464 GB 
Number of steps 10 
IC type 0 
Visualization type -1 
Neighbour rule type 1 
Boundary rule type 0 
========================================================= 
 
========================================================= 
Core binding report:
 On node DESKTOP-1DDDBB6 : MPI Rank 0 :  Thread 0 :  Core affinity = 0-5 
========================================================= 
 
========================================================= 
Memory Usage @ Function report_runtime_state @ 354 
 (VM, Peak VM, RSS, Peak RSS) = (3080, 3080, 1104, 1104) kilobytes 
========================================================= 
 
========================================================= 
Memory Usage @ Function generate_IC @ 301 
 (VM, Peak VM, RSS, Peak RSS) = (12503088, 12503088, 6252068, 6252068) kilobytes 
========================================================= 
 
Game of Life, Step 0:
Elapsed time 4.369206 s
Game of Life, Step 1:
Elapsed time 2.947466 s
Game of Life, Step 2:
Elapsed time 2.500099 s
Game of Life, Step 3:
Elapsed time 2.503588 s
Game of Life, Step 4:
Elapsed time 2.493019 s
Game of Life, Step 5:
Elapsed time 2.451275 s
Game of Life, Step 6:
Elapsed time 2.410498 s
Game of Life, Step 7:
Elapsed time 2.402327 s
Game of Life, Step 8:
Elapsed time 2.433237 s
Game of Life, Step 9:
Elapsed time 2.418540 s
Finnished GOL
Elapsed time 26.929331 s
