========================================================= 
GOL Running with following 
========================================================= 
Requesting grid size of (10,10), which requires 0.000000 GB 
Number of steps 10 
IC type 0 
Visualization type -1 
Neighbour rule type 1 
Boundary rule type 0 
========================================================= 
 
========================================================= 
Core binding report:
 On node DESKTOP-1DDDBB6 : MPI Rank 0 :  Thread 0 :  Core affinity = 0-5 
========================================================= 
 
========================================================= 
Memory Usage @ Function report_runtime_state @ 354 
 (VM, Peak VM, RSS, Peak RSS) = (3080, 3080, 1192, 1192) kilobytes 
========================================================= 
 
========================================================= 
Memory Usage @ Function generate_IC @ 301 
 (VM, Peak VM, RSS, Peak RSS) = (3080, 3080, 1192, 1192) kilobytes 
========================================================= 
 
Game of Life, Step 0:
Elapsed time 0.002738 s
Game of Life, Step 1:
Elapsed time 0.001219 s
Game of Life, Step 2:
Elapsed time 0.000913 s
Game of Life, Step 3:
Elapsed time 0.001315 s
Game of Life, Step 4:
Elapsed time 0.001174 s
Game of Life, Step 5:
Elapsed time 0.001137 s
Game of Life, Step 6:
Elapsed time 0.001191 s
Game of Life, Step 7:
Elapsed time 0.001209 s
Game of Life, Step 8:
Elapsed time 0.001189 s
Game of Life, Step 9:
Elapsed time 0.001215 s
Finnished GOL
Elapsed time 0.013325 s
