========================================================= 
GOL Running with following 
========================================================= 
Requesting grid size of (40000,40000), which requires 5.960464 GB 
Number of steps 10 
IC type 0 
Visualization type -1 
Neighbour rule type 1 
Boundary rule type 0 
========================================================= 
 
========================================================= 
Core binding report:
 On node DESKTOP-1DDDBB6 : MPI Rank 0 :  Thread 0 :  Core affinity = 0-5 
========================================================= 
 
========================================================= 
Memory Usage @ Function report_runtime_state @ 354 
 (VM, Peak VM, RSS, Peak RSS) = (3080, 3080, 1164, 1164) kilobytes 
========================================================= 
 
========================================================= 
Memory Usage @ Function generate_IC @ 301 
 (VM, Peak VM, RSS, Peak RSS) = (12503088, 12503088, 6252016, 6252016) kilobytes 
========================================================= 
 
Game of Life, Step 0:
Elapsed time 3.568322 s
Game of Life, Step 1:
Elapsed time 2.795682 s
Game of Life, Step 2:
Elapsed time 1.950888 s
Game of Life, Step 3:
Elapsed time 1.809216 s
Game of Life, Step 4:
Elapsed time 1.790172 s
Game of Life, Step 5:
Elapsed time 1.851650 s
Game of Life, Step 6:
Elapsed time 1.823029 s
Game of Life, Step 7:
Elapsed time 1.811939 s
Game of Life, Step 8:
Elapsed time 1.827295 s
Game of Life, Step 9:
Elapsed time 1.812962 s
Finnished GOL
Elapsed time 21.041273 s
