========================================================= 
GOL Running with following 
========================================================= 
Requesting grid size of (10000,10000), which requires 0.372529 GB 
Number of steps 10 
IC type 0 
Visualization type -1 
Neighbour rule type 1 
Boundary rule type 0 
========================================================= 
 
========================================================= 
Core binding report:
 On node DESKTOP-1DDDBB6 : MPI Rank 0 :  Thread 0 :  Core affinity = 0-5 
========================================================= 
 
========================================================= 
Memory Usage @ Function report_runtime_state @ 354 
 (VM, Peak VM, RSS, Peak RSS) = (3080, 3080, 1112, 1112) kilobytes 
========================================================= 
 
========================================================= 
Memory Usage @ Function generate_IC @ 301 
 (VM, Peak VM, RSS, Peak RSS) = (784336, 784336, 392692, 392692) kilobytes 
========================================================= 
 
Game of Life, Step 0:
Elapsed time 0.175902 s
Game of Life, Step 1:
Elapsed time 0.145008 s
Game of Life, Step 2:
Elapsed time 0.143614 s
Game of Life, Step 3:
Elapsed time 0.129825 s
Game of Life, Step 4:
Elapsed time 0.128109 s
Game of Life, Step 5:
Elapsed time 0.126234 s
Game of Life, Step 6:
Elapsed time 0.123598 s
Game of Life, Step 7:
Elapsed time 0.118802 s
Game of Life, Step 8:
Elapsed time 0.156798 s
Game of Life, Step 9:
Elapsed time 0.171661 s
Finnished GOL
Elapsed time 1.419602 s
