========================================================= 
GOL Running with following 
========================================================= 
Requesting grid size of (5000,5000), which requires 0.093132 GB 
Number of steps 10 
IC type 0 
Visualization type -1 
Neighbour rule type 1 
Boundary rule type 0 
========================================================= 
 
========================================================= 
Core binding report:
 On node DESKTOP-1DDDBB6 : MPI Rank 0 :  Thread 0 :  Core affinity = 0-5 
========================================================= 
 
========================================================= 
Memory Usage @ Function report_runtime_state @ 354 
 (VM, Peak VM, RSS, Peak RSS) = (3080, 3080, 1132, 1132) kilobytes 
========================================================= 
 
========================================================= 
Memory Usage @ Function generate_IC @ 301 
 (VM, Peak VM, RSS, Peak RSS) = (198400, 198400, 99664, 99664) kilobytes 
========================================================= 
 
Game of Life, Step 0:
Elapsed time 0.208050 s
Game of Life, Step 1:
Elapsed time 0.161825 s
Game of Life, Step 2:
Elapsed time 0.153208 s
Game of Life, Step 3:
Elapsed time 0.150646 s
Game of Life, Step 4:
Elapsed time 0.150271 s
Game of Life, Step 5:
Elapsed time 0.148543 s
Game of Life, Step 6:
Elapsed time 0.148781 s
Game of Life, Step 7:
Elapsed time 0.146978 s
Game of Life, Step 8:
Elapsed time 0.146388 s
Game of Life, Step 9:
Elapsed time 0.147417 s
Finnished GOL
Elapsed time 1.562160 s
