========================================================= 
GOL Running with following 
========================================================= 
Requesting grid size of (1000,1000), which requires 0.003725 GB 
Number of steps 10 
IC type 0 
Visualization type -1 
Neighbour rule type 1 
Boundary rule type 0 
========================================================= 
 
========================================================= 
Core binding report:
 On node DESKTOP-1DDDBB6 : MPI Rank 0 :  Thread 0 :  Core affinity = 0-5 
========================================================= 
 
========================================================= 
Memory Usage @ Function report_runtime_state @ 354 
 (VM, Peak VM, RSS, Peak RSS) = (3080, 3080, 1132, 1132) kilobytes 
========================================================= 
 
========================================================= 
Memory Usage @ Function generate_IC @ 301 
 (VM, Peak VM, RSS, Peak RSS) = (10896, 10896, 5904, 5904) kilobytes 
========================================================= 
 
Game of Life, Step 0:
Elapsed time 0.004849 s
Game of Life, Step 1:
Elapsed time 0.003311 s
Game of Life, Step 2:
Elapsed time 0.003155 s
Game of Life, Step 3:
Elapsed time 0.003259 s
Game of Life, Step 4:
Elapsed time 0.003113 s
Game of Life, Step 5:
Elapsed time 0.002994 s
Game of Life, Step 6:
Elapsed time 0.002980 s
Game of Life, Step 7:
Elapsed time 0.002976 s
Game of Life, Step 8:
Elapsed time 0.003009 s
Game of Life, Step 9:
Elapsed time 0.003008 s
Finnished GOL
Elapsed time 0.032685 s
