========================================================= 
GOL Running with following 
========================================================= 
Requesting grid size of (1000,1000), which requires 0.003725 GB 
Number of steps 10 
IC type 0 
Visualization type -1 
Neighbour rule type 1 
Boundary rule type 0 
========================================================= 
 
========================================================= 
Core binding report:
 On node DESKTOP-1DDDBB6 : MPI Rank 0 :  Thread 0 :  Core affinity = 0-5 
========================================================= 
 
========================================================= 
Memory Usage @ Function report_runtime_state @ 354 
 (VM, Peak VM, RSS, Peak RSS) = (3080, 3080, 1160, 1160) kilobytes 
========================================================= 
 
========================================================= 
Memory Usage @ Function generate_IC @ 301 
 (VM, Peak VM, RSS, Peak RSS) = (10896, 10896, 6016, 6016) kilobytes 
========================================================= 
 
Game of Life, Step 0:
Elapsed time 0.004236 s
Game of Life, Step 1:
Elapsed time 0.001743 s
Game of Life, Step 2:
Elapsed time 0.001621 s
Game of Life, Step 3:
Elapsed time 0.001534 s
Game of Life, Step 4:
Elapsed time 0.001665 s
Game of Life, Step 5:
Elapsed time 0.001562 s
Game of Life, Step 6:
Elapsed time 0.001537 s
Game of Life, Step 7:
Elapsed time 0.001626 s
Game of Life, Step 8:
Elapsed time 0.001728 s
Game of Life, Step 9:
Elapsed time 0.001494 s
Finnished GOL
Elapsed time 0.018769 s
