========================================================= 
GOL Running with following 
========================================================= 
Requesting grid size of (10000,10000), which requires 0.372529 GB 
Number of steps 10 
IC type 0 
Visualization type -1 
Neighbour rule type 0 
Boundary rule type 0 
========================================================= 
 
========================================================= 
Core binding report:
 On node DESKTOP-1DDDBB6 : MPI Rank 0 :  Thread 0 :  Core affinity = 0-5 
========================================================= 
 
========================================================= 
Memory Usage @ Function report_runtime_state @ 354 
 (VM, Peak VM, RSS, Peak RSS) = (2784, 2784, 1096, 1096) kilobytes 
========================================================= 
 
========================================================= 
Memory Usage @ Function generate_IC @ 301 
 (VM, Peak VM, RSS, Peak RSS) = (784040, 784040, 392452, 392452) kilobytes 
========================================================= 
 
Game of Life, Step 0:
Elapsed time 1.084424 s
Game of Life, Step 1:
Elapsed time 0.815077 s
Game of Life, Step 2:
Elapsed time 0.778512 s
Game of Life, Step 3:
Elapsed time 0.771356 s
Game of Life, Step 4:
Elapsed time 0.775379 s
Game of Life, Step 5:
Elapsed time 0.792050 s
Game of Life, Step 6:
Elapsed time 0.763724 s
Game of Life, Step 7:
Elapsed time 0.763252 s
Game of Life, Step 8:
Elapsed time 0.754073 s
Game of Life, Step 9:
Elapsed time 0.754069 s
Finnished GOL
Elapsed time 8.051965 s
