========================================================= 
GOL Running with following 
========================================================= 
Requesting grid size of (10000,10000), which requires 0.372529 GB 
Number of steps 7 
IC type 0 
Visualization type -1 
Neighbour rule type 1 
Boundary rule type 0 
========================================================= 
 
========================================================= 
Core binding report:
 On node DESKTOP-1DDDBB6 : MPI Rank 0 :  Thread 0 :  Core affinity = 0-5 
========================================================= 
 
========================================================= 
Memory Usage @ Function report_runtime_state @ 354 
 (VM, Peak VM, RSS, Peak RSS) = (3080, 3080, 1132, 1132) kilobytes 
========================================================= 
 
========================================================= 
Memory Usage @ Function generate_IC @ 301 
 (VM, Peak VM, RSS, Peak RSS) = (784336, 784336, 392672, 392672) kilobytes 
========================================================= 
 
Game of Life, Step 0:
Elapsed time 0.536789 s
Game of Life, Step 1:
Elapsed time 0.335506 s
Game of Life, Step 2:
Elapsed time 0.347915 s
Game of Life, Step 3:
Elapsed time 0.302815 s
Game of Life, Step 4:
Elapsed time 0.284620 s
Game of Life, Step 5:
Elapsed time 0.360732 s
Game of Life, Step 6:
Elapsed time 0.252367 s
Finnished GOL
Elapsed time 2.420786 s
