========================================================= 
GOL Running with following 
========================================================= 
Requesting grid size of (10000,10000), which requires 0.372529 GB 
Number of steps 3 
IC type 0 
Visualization type -1 
Neighbour rule type 1 
Boundary rule type 0 
========================================================= 
 
========================================================= 
Core binding report:
 On node DESKTOP-1DDDBB6 : MPI Rank 0 :  Thread 0 :  Core affinity = 0-5 
========================================================= 
 
========================================================= 
Memory Usage @ Function report_runtime_state @ 354 
 (VM, Peak VM, RSS, Peak RSS) = (3080, 3080, 1232, 1232) kilobytes 
========================================================= 
 
========================================================= 
Memory Usage @ Function generate_IC @ 301 
 (VM, Peak VM, RSS, Peak RSS) = (784336, 784336, 392756, 392756) kilobytes 
========================================================= 
 
Game of Life, Step 0:
Elapsed time 0.506183 s
Game of Life, Step 1:
Elapsed time 0.271802 s
Game of Life, Step 2:
Elapsed time 0.245278 s
Finnished GOL
Elapsed time 1.023283 s
