========================================================= 
GOL Running with following 
========================================================= 
Requesting grid size of (6000,6000), which requires 0.134110 GB 
Number of steps 10 
IC type 0 
Visualization type -1 
Neighbour rule type 4224720 
Boundary rule type 0 
========================================================= 
 
========================================================= 
Core binding report:
 On node nid002582 : MPI Rank 0 :  Thread 0 :  Core affinity = 48 
========================================================= 
 
========================================================= 
Memory Usage @ Function report_runtime_state @ 354 
 (VM, Peak VM, RSS, Peak RSS) = (11184, 11184, 848, 848) kilobytes 
========================================================= 
 
========================================================= 
Memory Usage @ Function generate_IC @ 301 
 (VM, Peak VM, RSS, Peak RSS) = (292440, 292440, 142644, 142644) kilobytes 
========================================================= 
 
Game of Life, Step 0:
Elapsed time 0.553748 s
Game of Life, Step 1:
Elapsed time 0.022385 s
Game of Life, Step 2:
Elapsed time 0.020234 s
Game of Life, Step 3:
Elapsed time 0.023068 s
Game of Life, Step 4:
Elapsed time 0.020357 s
Game of Life, Step 5:
Elapsed time 0.019458 s
Game of Life, Step 6:
Elapsed time 0.019422 s
Game of Life, Step 7:
Elapsed time 0.019630 s
Game of Life, Step 8:
Elapsed time 0.018737 s
Game of Life, Step 9:
Elapsed time 0.018942 s
Finnished GOL
Elapsed time 0.736049 s
