========================================================= 
GOL Running with following 
========================================================= 
Requesting grid size of (5000,5000), which requires 0.093132 GB 
Number of steps 10 
IC type 0 
Visualization type -1 
Neighbour rule type 4224560 
Boundary rule type 0 
========================================================= 
 
========================================================= 
Core binding report:
 On node nid002564 : MPI Rank 0 :  Thread 0 :  Core affinity = 62 
========================================================= 
 
========================================================= 
Memory Usage @ Function report_runtime_state @ 354 
 (VM, Peak VM, RSS, Peak RSS) = (11184, 11184, 888, 888) kilobytes 
========================================================= 
 
========================================================= 
Memory Usage @ Function generate_IC @ 301 
 (VM, Peak VM, RSS, Peak RSS) = (206504, 206504, 99712, 99712) kilobytes 
========================================================= 
 
Game of Life, Step 0:
Elapsed time 0.079499 s
Game of Life, Step 1:
Elapsed time 0.048516 s
Game of Life, Step 2:
Elapsed time 0.046960 s
Game of Life, Step 3:
Elapsed time 0.045686 s
Game of Life, Step 4:
Elapsed time 0.045697 s
Game of Life, Step 5:
Elapsed time 0.045300 s
Game of Life, Step 6:
Elapsed time 0.046440 s
Game of Life, Step 7:
Elapsed time 0.045945 s
Game of Life, Step 8:
Elapsed time 0.046206 s
Game of Life, Step 9:
Elapsed time 0.051947 s
Finnished GOL
Elapsed time 0.502255 s
