========================================================= 
GOL Running with following 
========================================================= 
Requesting grid size of (8000,8000), which requires 0.238419 GB 
Number of steps 10 
IC type 0 
Visualization type -1 
Neighbour rule type 4224656 
Boundary rule type 0 
========================================================= 
 
========================================================= 
Core binding report:
 On node nid002556 : MPI Rank 0 :  Thread 0 :  Core affinity = 120 
========================================================= 
 
========================================================= 
Memory Usage @ Function report_runtime_state @ 354 
 (VM, Peak VM, RSS, Peak RSS) = (11184, 11184, 836, 836) kilobytes 
========================================================= 
 
========================================================= 
Memory Usage @ Function generate_IC @ 301 
 (VM, Peak VM, RSS, Peak RSS) = (511192, 511192, 252036, 252036) kilobytes 
========================================================= 
 
Game of Life, Step 0:
Elapsed time 0.102110 s
Game of Life, Step 1:
Elapsed time 0.061226 s
Game of Life, Step 2:
Elapsed time 0.059331 s
Game of Life, Step 3:
Elapsed time 0.058279 s
Game of Life, Step 4:
Elapsed time 0.057697 s
Game of Life, Step 5:
Elapsed time 0.057604 s
Game of Life, Step 6:
Elapsed time 0.056999 s
Game of Life, Step 7:
Elapsed time 0.056882 s
Game of Life, Step 8:
Elapsed time 0.056784 s
Game of Life, Step 9:
Elapsed time 0.056615 s
Finnished GOL
Elapsed time 0.623668 s
