========================================================= 
GOL Running with following 
========================================================= 
Requesting grid size of (1000,1000), which requires 0.003725 GB 
Number of steps 10 
IC type 0 
Visualization type -1 
Neighbour rule type 4224592 
Boundary rule type 0 
========================================================= 
 
========================================================= 
Core binding report:
 On node nid002549 : MPI Rank 0 :  Thread 0 :  Core affinity = 40 
========================================================= 
 
========================================================= 
Memory Usage @ Function report_runtime_state @ 354 
 (VM, Peak VM, RSS, Peak RSS) = (11184, 11184, 852, 852) kilobytes 
========================================================= 
 
========================================================= 
Memory Usage @ Function generate_IC @ 301 
 (VM, Peak VM, RSS, Peak RSS) = (19000, 19000, 5960, 5960) kilobytes 
========================================================= 
 
Game of Life, Step 0:
Elapsed time 0.020310 s
Game of Life, Step 1:
Elapsed time 0.002345 s
Game of Life, Step 2:
Elapsed time 0.002124 s
Game of Life, Step 3:
Elapsed time 0.002176 s
Game of Life, Step 4:
Elapsed time 0.002138 s
Game of Life, Step 5:
Elapsed time 0.002089 s
Game of Life, Step 6:
Elapsed time 0.002008 s
Game of Life, Step 7:
Elapsed time 0.002052 s
Game of Life, Step 8:
Elapsed time 0.001998 s
Game of Life, Step 9:
Elapsed time 0.002044 s
Finnished GOL
Elapsed time 0.039299 s
