========================================================= 
GOL Running with following 
========================================================= 
Requesting grid size of (6000,6000), which requires 0.134110 GB 
Number of steps 10 
IC type 0 
Visualization type -1 
Neighbour rule type 4224560 
Boundary rule type 0 
========================================================= 
 
========================================================= 
Core binding report:
 On node nid002556 : MPI Rank 0 :  Thread 0 :  Core affinity = 120 
========================================================= 
 
========================================================= 
Memory Usage @ Function report_runtime_state @ 354 
 (VM, Peak VM, RSS, Peak RSS) = (11184, 11184, 932, 932) kilobytes 
========================================================= 
 
========================================================= 
Memory Usage @ Function generate_IC @ 301 
 (VM, Peak VM, RSS, Peak RSS) = (292440, 292440, 142856, 142856) kilobytes 
========================================================= 
 
Game of Life, Step 0:
Elapsed time 0.100996 s
Game of Life, Step 1:
Elapsed time 0.069075 s
Game of Life, Step 2:
Elapsed time 0.066918 s
Game of Life, Step 3:
Elapsed time 0.065882 s
Game of Life, Step 4:
Elapsed time 0.065186 s
Game of Life, Step 5:
Elapsed time 0.064569 s
Game of Life, Step 6:
Elapsed time 0.064521 s
Game of Life, Step 7:
Elapsed time 0.064093 s
Game of Life, Step 8:
Elapsed time 0.064003 s
Game of Life, Step 9:
Elapsed time 0.064023 s
Finnished GOL
Elapsed time 0.689408 s
