========================================================= 
GOL Running with following 
========================================================= 
Requesting grid size of (8000,8000), which requires 0.238419 GB 
Number of steps 10 
IC type 0 
Visualization type -1 
Neighbour rule type 4224720 
Boundary rule type 0 
========================================================= 
 
========================================================= 
Core binding report:
 On node nid002585 : MPI Rank 0 :  Thread 0 :  Core affinity = 48 
========================================================= 
 
========================================================= 
Memory Usage @ Function report_runtime_state @ 354 
 (VM, Peak VM, RSS, Peak RSS) = (11184, 11184, 908, 908) kilobytes 
========================================================= 
 
========================================================= 
Memory Usage @ Function generate_IC @ 301 
 (VM, Peak VM, RSS, Peak RSS) = (511192, 511192, 252108, 252108) kilobytes 
========================================================= 
 
Game of Life, Step 0:
Elapsed time 0.063581 s
Game of Life, Step 1:
Elapsed time 0.034354 s
Game of Life, Step 2:
Elapsed time 0.032568 s
Game of Life, Step 3:
Elapsed time 0.032821 s
Game of Life, Step 4:
Elapsed time 0.032143 s
Game of Life, Step 5:
Elapsed time 0.031265 s
Game of Life, Step 6:
Elapsed time 0.031393 s
Game of Life, Step 7:
Elapsed time 0.032075 s
Game of Life, Step 8:
Elapsed time 0.032143 s
Game of Life, Step 9:
Elapsed time 0.031580 s
Finnished GOL
Elapsed time 0.354003 s
