========================================================= 
GOL Running with following 
========================================================= 
Requesting grid size of (10000,10000), which requires 0.372529 GB 
Number of steps 10 
IC type 0 
Visualization type -1 
Neighbour rule type 4224656 
Boundary rule type 0 
========================================================= 
 
========================================================= 
Core binding report:
 On node nid002574 : MPI Rank 0 :  Thread 0 :  Core affinity = 116 
========================================================= 
 
========================================================= 
Memory Usage @ Function report_runtime_state @ 354 
 (VM, Peak VM, RSS, Peak RSS) = (11184, 11184, 852, 852) kilobytes 
========================================================= 
 
========================================================= 
Memory Usage @ Function generate_IC @ 301 
 (VM, Peak VM, RSS, Peak RSS) = (792440, 792440, 392876, 392876) kilobytes 
========================================================= 
 
Game of Life, Step 0:
Elapsed time 0.318049 s
Game of Life, Step 1:
Elapsed time 0.095642 s
Game of Life, Step 2:
Elapsed time 0.092622 s
Game of Life, Step 3:
Elapsed time 0.090853 s
Game of Life, Step 4:
Elapsed time 0.089836 s
Game of Life, Step 5:
Elapsed time 0.089416 s
Game of Life, Step 6:
Elapsed time 0.088839 s
Game of Life, Step 7:
Elapsed time 0.088624 s
Game of Life, Step 8:
Elapsed time 0.088493 s
Game of Life, Step 9:
Elapsed time 0.088550 s
Finnished GOL
Elapsed time 1.130995 s
