========================================================= 
GOL Running with following 
========================================================= 
Requesting grid size of (1000,1000), which requires 0.003725 GB 
Number of steps 10 
IC type 0 
Visualization type -1 
Neighbour rule type 4224720 
Boundary rule type 0 
========================================================= 
 
========================================================= 
Core binding report:
 On node nid002582 : MPI Rank 0 :  Thread 0 :  Core affinity = 48 
========================================================= 
 
========================================================= 
Memory Usage @ Function report_runtime_state @ 354 
 (VM, Peak VM, RSS, Peak RSS) = (11184, 11184, 864, 864) kilobytes 
========================================================= 
 
========================================================= 
Memory Usage @ Function generate_IC @ 301 
 (VM, Peak VM, RSS, Peak RSS) = (19000, 19000, 5868, 5868) kilobytes 
========================================================= 
 
Game of Life, Step 0:
Elapsed time 0.169972 s
Game of Life, Step 1:
Elapsed time 0.002470 s
Game of Life, Step 2:
Elapsed time 0.002271 s
Game of Life, Step 3:
Elapsed time 0.002111 s
Game of Life, Step 4:
Elapsed time 0.001885 s
Game of Life, Step 5:
Elapsed time 0.001950 s
Game of Life, Step 6:
Elapsed time 0.001863 s
Game of Life, Step 7:
Elapsed time 0.001758 s
Game of Life, Step 8:
Elapsed time 0.002074 s
Game of Life, Step 9:
Elapsed time 0.002067 s
Finnished GOL
Elapsed time 0.188438 s
