========================================================= 
GOL Running with following 
========================================================= 
Requesting grid size of (5000,5000), which requires 0.093132 GB 
Number of steps 10 
IC type 0 
Visualization type -1 
Neighbour rule type 4224480 
Boundary rule type 0 
========================================================= 
 
========================================================= 
Core binding report:
 On node nid002550 : MPI Rank 0 :  Thread 0 :  Core affinity = 117 
========================================================= 
 
========================================================= 
Memory Usage @ Function report_runtime_state @ 354 
 (VM, Peak VM, RSS, Peak RSS) = (11184, 11184, 932, 932) kilobytes 
========================================================= 
 
========================================================= 
Memory Usage @ Function generate_IC @ 301 
 (VM, Peak VM, RSS, Peak RSS) = (206504, 206504, 99676, 99676) kilobytes 
========================================================= 
 
Game of Life, Step 0:
Elapsed time 1.783104 s
Game of Life, Step 1:
Elapsed time 0.187230 s
Game of Life, Step 2:
Elapsed time 0.180514 s
Game of Life, Step 3:
Elapsed time 0.178137 s
Game of Life, Step 4:
Elapsed time 0.176599 s
Game of Life, Step 5:
Elapsed time 0.176382 s
Game of Life, Step 6:
Elapsed time 0.175105 s
Game of Life, Step 7:
Elapsed time 0.175839 s
Game of Life, Step 8:
Elapsed time 0.174430 s
Game of Life, Step 9:
Elapsed time 0.174770 s
Finnished GOL
Elapsed time 3.382197 s
