========================================================= 
GOL Running with following 
========================================================= 
Requesting grid size of (6000,6000), which requires 0.134110 GB 
Number of steps 10 
IC type 0 
Visualization type -1 
Neighbour rule type 4224480 
Boundary rule type 0 
========================================================= 
 
========================================================= 
Core binding report:
 On node nid002536 : MPI Rank 0 :  Thread 0 :  Core affinity = 126 
========================================================= 
 
========================================================= 
Memory Usage @ Function report_runtime_state @ 354 
 (VM, Peak VM, RSS, Peak RSS) = (11184, 11184, 908, 908) kilobytes 
========================================================= 
 
========================================================= 
Memory Usage @ Function generate_IC @ 301 
 (VM, Peak VM, RSS, Peak RSS) = (292440, 292440, 142760, 142760) kilobytes 
========================================================= 
 
Game of Life, Step 0:
Elapsed time 0.350643 s
Game of Life, Step 1:
Elapsed time 0.271222 s
Game of Life, Step 2:
Elapsed time 0.261043 s
Game of Life, Step 3:
Elapsed time 0.255977 s
Game of Life, Step 4:
Elapsed time 0.253969 s
Game of Life, Step 5:
Elapsed time 0.252597 s
Game of Life, Step 6:
Elapsed time 0.250663 s
Game of Life, Step 7:
Elapsed time 0.249574 s
Game of Life, Step 8:
Elapsed time 0.249618 s
Game of Life, Step 9:
Elapsed time 0.248968 s
Finnished GOL
Elapsed time 2.644357 s
