========================================================= 
GOL Running with following 
========================================================= 
Requesting grid size of (40000,40000), which requires 5.960464 GB 
Number of steps 10 
IC type 0 
Visualization type -1 
Neighbour rule type 4224848 
Boundary rule type 0 
========================================================= 
 
========================================================= 
Core binding report:
 On node nid002592 : MPI Rank 0 :  Thread 0 :  Core affinity = 72 
========================================================= 
 
========================================================= 
Memory Usage @ Function report_runtime_state @ 354 
 (VM, Peak VM, RSS, Peak RSS) = (11184, 11184, 912, 912) kilobytes 
========================================================= 
 
========================================================= 
Memory Usage @ Function generate_IC @ 301 
 (VM, Peak VM, RSS, Peak RSS) = (12511192, 12511192, 6252160, 6252160) kilobytes 
========================================================= 
 
Game of Life, Step 0:
Elapsed time 0.957172 s
Game of Life, Step 1:
Elapsed time 0.748340 s
Game of Life, Step 2:
Elapsed time 0.723922 s
Game of Life, Step 3:
Elapsed time 0.745756 s
Game of Life, Step 4:
Elapsed time 0.721477 s
Game of Life, Step 5:
Elapsed time 0.703607 s
Game of Life, Step 6:
Elapsed time 0.698699 s
Game of Life, Step 7:
Elapsed time 0.695921 s
Game of Life, Step 8:
Elapsed time 0.695490 s
Game of Life, Step 9:
Elapsed time 0.694615 s
Finnished GOL
Elapsed time 7.385161 s
