========================================================= 
GOL Running with following 
========================================================= 
Requesting grid size of (20000,20000), which requires 1.490116 GB 
Number of steps 10 
IC type 0 
Visualization type -1 
Neighbour rule type 4224528 
Boundary rule type 0 
========================================================= 
 
========================================================= 
Core binding report:
 On node nid002536 : MPI Rank 0 :  Thread 0 :  Core affinity = 3 
========================================================= 
 
========================================================= 
Memory Usage @ Function report_runtime_state @ 354 
 (VM, Peak VM, RSS, Peak RSS) = (11184, 11184, 920, 920) kilobytes 
========================================================= 
 
========================================================= 
Memory Usage @ Function generate_IC @ 301 
 (VM, Peak VM, RSS, Peak RSS) = (3136192, 3136192, 1564560, 1564560) kilobytes 
========================================================= 
 
Game of Life, Step 0:
Elapsed time 1.162851 s
Game of Life, Step 1:
Elapsed time 0.754136 s
Game of Life, Step 2:
Elapsed time 0.731529 s
Game of Life, Step 3:
Elapsed time 0.752911 s
Game of Life, Step 4:
Elapsed time 0.713254 s
Game of Life, Step 5:
Elapsed time 0.711780 s
Game of Life, Step 6:
Elapsed time 0.703291 s
Game of Life, Step 7:
Elapsed time 0.704530 s
Game of Life, Step 8:
Elapsed time 0.698937 s
Game of Life, Step 9:
Elapsed time 0.701231 s
Finnished GOL
Elapsed time 7.634623 s
