========================================================= 
GOL Running with following 
========================================================= 
Requesting grid size of (2000,2000), which requires 0.014901 GB 
Number of steps 10 
IC type 0 
Visualization type -1 
Neighbour rule type 4224512 
Boundary rule type 0 
========================================================= 
 
========================================================= 
Core binding report:
 On node nid002554 : MPI Rank 0 :  Thread 0 :  Core affinity = 63 
========================================================= 
 
========================================================= 
Memory Usage @ Function report_runtime_state @ 354 
 (VM, Peak VM, RSS, Peak RSS) = (11184, 11184, 828, 828) kilobytes 
========================================================= 
 
========================================================= 
Memory Usage @ Function generate_IC @ 301 
 (VM, Peak VM, RSS, Peak RSS) = (42440, 42440, 17684, 17684) kilobytes 
========================================================= 
 
Game of Life, Step 0:
Elapsed time 0.038412 s
Game of Life, Step 1:
Elapsed time 0.016545 s
Game of Life, Step 2:
Elapsed time 0.016192 s
Game of Life, Step 3:
Elapsed time 0.016410 s
Game of Life, Step 4:
Elapsed time 0.016825 s
Game of Life, Step 5:
Elapsed time 0.015967 s
Game of Life, Step 6:
Elapsed time 0.015823 s
Game of Life, Step 7:
Elapsed time 0.016044 s
Game of Life, Step 8:
Elapsed time 0.016177 s
Game of Life, Step 9:
Elapsed time 0.016290 s
Finnished GOL
Elapsed time 0.184699 s
