========================================================= 
GOL Running with following 
========================================================= 
Requesting grid size of (5000,5000), which requires 0.093132 GB 
Number of steps 10 
IC type 0 
Visualization type -1 
Neighbour rule type 4224512 
Boundary rule type 0 
========================================================= 
 
========================================================= 
Core binding report:
 On node nid002544 : MPI Rank 0 :  Thread 0 :  Core affinity = 94 
========================================================= 
 
========================================================= 
Memory Usage @ Function report_runtime_state @ 354 
 (VM, Peak VM, RSS, Peak RSS) = (11184, 11184, 840, 840) kilobytes 
========================================================= 
 
========================================================= 
Memory Usage @ Function generate_IC @ 301 
 (VM, Peak VM, RSS, Peak RSS) = (206504, 206504, 99668, 99668) kilobytes 
========================================================= 
 
Game of Life, Step 0:
Elapsed time 0.130389 s
Game of Life, Step 1:
Elapsed time 0.094544 s
Game of Life, Step 2:
Elapsed time 0.090779 s
Game of Life, Step 3:
Elapsed time 0.089479 s
Game of Life, Step 4:
Elapsed time 0.089153 s
Game of Life, Step 5:
Elapsed time 0.088552 s
Game of Life, Step 6:
Elapsed time 0.087749 s
Game of Life, Step 7:
Elapsed time 0.087750 s
Game of Life, Step 8:
Elapsed time 0.087114 s
Game of Life, Step 9:
Elapsed time 0.087486 s
Finnished GOL
Elapsed time 0.933053 s
