========================================================= 
GOL Running with following 
========================================================= 
Requesting grid size of (2000,2000), which requires 0.014901 GB 
Number of steps 10 
IC type 0 
Visualization type -1 
Neighbour rule type 4224720 
Boundary rule type 0 
========================================================= 
 
========================================================= 
Core binding report:
 On node nid002585 : MPI Rank 0 :  Thread 0 :  Core affinity = 48 
========================================================= 
 
========================================================= 
Memory Usage @ Function report_runtime_state @ 354 
 (VM, Peak VM, RSS, Peak RSS) = (11184, 11184, 852, 852) kilobytes 
========================================================= 
 
========================================================= 
Memory Usage @ Function generate_IC @ 301 
 (VM, Peak VM, RSS, Peak RSS) = (42440, 42440, 17724, 17724) kilobytes 
========================================================= 
 
Game of Life, Step 0:
Elapsed time 0.021938 s
Game of Life, Step 1:
Elapsed time 0.004630 s
Game of Life, Step 2:
Elapsed time 0.004274 s
Game of Life, Step 3:
Elapsed time 0.003714 s
Game of Life, Step 4:
Elapsed time 0.003912 s
Game of Life, Step 5:
Elapsed time 0.003497 s
Game of Life, Step 6:
Elapsed time 0.003758 s
Game of Life, Step 7:
Elapsed time 0.003739 s
Game of Life, Step 8:
Elapsed time 0.003673 s
Game of Life, Step 9:
Elapsed time 0.003721 s
Finnished GOL
Elapsed time 0.056871 s
