========================================================= 
GOL Running with following 
========================================================= 
Requesting grid size of (10,10), which requires 0.000000 GB 
Number of steps 10 
IC type 0 
Visualization type -1 
Neighbour rule type 4224512 
Boundary rule type 0 
========================================================= 
 
========================================================= 
Core binding report:
 On node nid002544 : MPI Rank 0 :  Thread 0 :  Core affinity = 94 
========================================================= 
 
========================================================= 
Memory Usage @ Function report_runtime_state @ 354 
 (VM, Peak VM, RSS, Peak RSS) = (11184, 11184, 872, 872) kilobytes 
========================================================= 
 
========================================================= 
Memory Usage @ Function generate_IC @ 301 
 (VM, Peak VM, RSS, Peak RSS) = (11184, 11184, 872, 872) kilobytes 
========================================================= 
 
Game of Life, Step 0:
Elapsed time 0.015087 s
Game of Life, Step 1:
Elapsed time 0.001074 s
Game of Life, Step 2:
Elapsed time 0.001033 s
Game of Life, Step 3:
Elapsed time 0.001010 s
Game of Life, Step 4:
Elapsed time 0.001041 s
Game of Life, Step 5:
Elapsed time 0.001063 s
Game of Life, Step 6:
Elapsed time 0.001028 s
Game of Life, Step 7:
Elapsed time 0.001119 s
Game of Life, Step 8:
Elapsed time 0.001005 s
Game of Life, Step 9:
Elapsed time 0.001124 s
Finnished GOL
Elapsed time 0.024597 s
