========================================================= 
GOL Running with following 
========================================================= 
Requesting grid size of (10000,10000), which requires 0.372529 GB 
Number of steps 10 
IC type 0 
Visualization type -1 
Neighbour rule type 4224480 
Boundary rule type 0 
========================================================= 
 
========================================================= 
Core binding report:
 On node nid002553 : MPI Rank 0 :  Thread 0 :  Core affinity = 119 
========================================================= 
 
========================================================= 
Memory Usage @ Function report_runtime_state @ 354 
 (VM, Peak VM, RSS, Peak RSS) = (11184, 11184, 904, 904) kilobytes 
========================================================= 
 
========================================================= 
Memory Usage @ Function generate_IC @ 301 
 (VM, Peak VM, RSS, Peak RSS) = (792440, 792440, 392552, 392552) kilobytes 
========================================================= 
 
Game of Life, Step 0:
Elapsed time 0.942180 s
Game of Life, Step 1:
Elapsed time 0.743556 s
Game of Life, Step 2:
Elapsed time 0.718470 s
Game of Life, Step 3:
Elapsed time 0.706857 s
Game of Life, Step 4:
Elapsed time 0.702797 s
Game of Life, Step 5:
Elapsed time 0.696439 s
Game of Life, Step 6:
Elapsed time 0.692636 s
Game of Life, Step 7:
Elapsed time 0.690195 s
Game of Life, Step 8:
Elapsed time 0.688363 s
Game of Life, Step 9:
Elapsed time 0.687919 s
Finnished GOL
Elapsed time 7.269521 s
