========================================================= 
GOL Running with following 
========================================================= 
Requesting grid size of (4000,4000), which requires 0.059605 GB 
Number of steps 10 
IC type 0 
Visualization type -1 
Neighbour rule type 4224480 
Boundary rule type 0 
========================================================= 
 
========================================================= 
Core binding report:
 On node nid002544 : MPI Rank 0 :  Thread 0 :  Core affinity = 94 
========================================================= 
 
========================================================= 
Memory Usage @ Function report_runtime_state @ 354 
 (VM, Peak VM, RSS, Peak RSS) = (11184, 11184, 884, 884) kilobytes 
========================================================= 
 
========================================================= 
Memory Usage @ Function generate_IC @ 301 
 (VM, Peak VM, RSS, Peak RSS) = (136192, 136192, 64504, 64504) kilobytes 
========================================================= 
 
Game of Life, Step 0:
Elapsed time 0.173654 s
Game of Life, Step 1:
Elapsed time 0.121322 s
Game of Life, Step 2:
Elapsed time 0.116750 s
Game of Life, Step 3:
Elapsed time 0.115073 s
Game of Life, Step 4:
Elapsed time 0.114526 s
Game of Life, Step 5:
Elapsed time 0.113465 s
Game of Life, Step 6:
Elapsed time 0.112704 s
Game of Life, Step 7:
Elapsed time 0.118475 s
Game of Life, Step 8:
Elapsed time 0.112316 s
Game of Life, Step 9:
Elapsed time 0.112069 s
Finnished GOL
Elapsed time 1.210416 s
