========================================================= 
GOL Running with following 
========================================================= 
Requesting grid size of (10000,10000), which requires 0.372529 GB 
Number of steps 10 
IC type 0 
Visualization type -1 
Neighbour rule type 4224496 
Boundary rule type 0 
========================================================= 
 
========================================================= 
Core binding report:
 On node nid002539 : MPI Rank 0 :  Thread 0 :  Core affinity = 43 
========================================================= 
 
========================================================= 
Memory Usage @ Function report_runtime_state @ 354 
 (VM, Peak VM, RSS, Peak RSS) = (11184, 11184, 836, 836) kilobytes 
========================================================= 
 
========================================================= 
Memory Usage @ Function generate_IC @ 301 
 (VM, Peak VM, RSS, Peak RSS) = (792440, 792440, 392872, 392872) kilobytes 
========================================================= 
 
Game of Life, Step 0:
Elapsed time 0.480094 s
Game of Life, Step 1:
Elapsed time 0.374603 s
Game of Life, Step 2:
Elapsed time 0.361885 s
Game of Life, Step 3:
Elapsed time 0.354080 s
Game of Life, Step 4:
Elapsed time 0.351759 s
Game of Life, Step 5:
Elapsed time 0.350380 s
Game of Life, Step 6:
Elapsed time 0.348879 s
Game of Life, Step 7:
Elapsed time 0.346562 s
Game of Life, Step 8:
Elapsed time 0.346046 s
Game of Life, Step 9:
Elapsed time 0.346689 s
Finnished GOL
Elapsed time 3.661047 s
