========================================================= 
GOL Running with following 
========================================================= 
Requesting grid size of (8000,8000), which requires 0.238419 GB 
Number of steps 10 
IC type 0 
Visualization type -1 
Neighbour rule type 4224512 
Boundary rule type 0 
========================================================= 
 
========================================================= 
Core binding report:
 On node nid002544 : MPI Rank 0 :  Thread 0 :  Core affinity = 94 
========================================================= 
 
========================================================= 
Memory Usage @ Function report_runtime_state @ 354 
 (VM, Peak VM, RSS, Peak RSS) = (11184, 11184, 888, 888) kilobytes 
========================================================= 
 
========================================================= 
Memory Usage @ Function generate_IC @ 301 
 (VM, Peak VM, RSS, Peak RSS) = (511192, 511192, 252224, 252224) kilobytes 
========================================================= 
 
Game of Life, Step 0:
Elapsed time 0.317566 s
Game of Life, Step 1:
Elapsed time 0.238350 s
Game of Life, Step 2:
Elapsed time 0.230560 s
Game of Life, Step 3:
Elapsed time 0.226487 s
Game of Life, Step 4:
Elapsed time 0.224523 s
Game of Life, Step 5:
Elapsed time 0.223248 s
Game of Life, Step 6:
Elapsed time 0.222121 s
Game of Life, Step 7:
Elapsed time 0.221347 s
Game of Life, Step 8:
Elapsed time 0.220932 s
Game of Life, Step 9:
Elapsed time 0.220649 s
Finnished GOL
Elapsed time 2.345840 s
