========================================================= 
GOL Running with following 
========================================================= 
Requesting grid size of (2000,2000), which requires 0.014901 GB 
Number of steps 10 
IC type 0 
Visualization type -1 
Neighbour rule type 4224480 
Boundary rule type 0 
========================================================= 
 
========================================================= 
Core binding report:
 On node nid002536 : MPI Rank 0 :  Thread 0 :  Core affinity = 126 
========================================================= 
 
========================================================= 
Memory Usage @ Function report_runtime_state @ 354 
 (VM, Peak VM, RSS, Peak RSS) = (11184, 11184, 916, 916) kilobytes 
========================================================= 
 
========================================================= 
Memory Usage @ Function generate_IC @ 301 
 (VM, Peak VM, RSS, Peak RSS) = (42440, 42440, 17700, 17700) kilobytes 
========================================================= 
 
Game of Life, Step 0:
Elapsed time 0.051844 s
Game of Life, Step 1:
Elapsed time 0.032065 s
Game of Life, Step 2:
Elapsed time 0.030754 s
Game of Life, Step 3:
Elapsed time 0.030091 s
Game of Life, Step 4:
Elapsed time 0.029915 s
Game of Life, Step 5:
Elapsed time 0.029633 s
Game of Life, Step 6:
Elapsed time 0.029559 s
Game of Life, Step 7:
Elapsed time 0.029543 s
Game of Life, Step 8:
Elapsed time 0.029545 s
Game of Life, Step 9:
Elapsed time 0.029811 s
Finnished GOL
Elapsed time 0.322805 s
