========================================================= 
GOL Running with following 
========================================================= 
Requesting grid size of (6000,6000), which requires 0.134110 GB 
Number of steps 10 
IC type 0 
Visualization type -1 
Neighbour rule type 4224592 
Boundary rule type 0 
========================================================= 
 
========================================================= 
Core binding report:
 On node nid002566 : MPI Rank 0 :  Thread 0 :  Core affinity = 0 
========================================================= 
 
========================================================= 
Memory Usage @ Function report_runtime_state @ 354 
 (VM, Peak VM, RSS, Peak RSS) = (11184, 11184, 864, 864) kilobytes 
========================================================= 
 
========================================================= 
Memory Usage @ Function generate_IC @ 301 
 (VM, Peak VM, RSS, Peak RSS) = (292440, 292440, 142756, 142756) kilobytes 
========================================================= 
 
Game of Life, Step 0:
Elapsed time 0.064440 s
Game of Life, Step 1:
Elapsed time 0.036270 s
Game of Life, Step 2:
Elapsed time 0.035544 s
Game of Life, Step 3:
Elapsed time 0.035025 s
Game of Life, Step 4:
Elapsed time 0.034748 s
Game of Life, Step 5:
Elapsed time 0.034326 s
Game of Life, Step 6:
Elapsed time 0.034492 s
Game of Life, Step 7:
Elapsed time 0.034769 s
Game of Life, Step 8:
Elapsed time 0.034502 s
Game of Life, Step 9:
Elapsed time 0.034305 s
Finnished GOL
Elapsed time 0.378478 s
