========================================================= 
GOL Running with following 
========================================================= 
Requesting grid size of (8000,8000), which requires 0.238419 GB 
Number of steps 10 
IC type 0 
Visualization type -1 
Neighbour rule type 4224480 
Boundary rule type 0 
========================================================= 
 
========================================================= 
Core binding report:
 On node nid002550 : MPI Rank 0 :  Thread 0 :  Core affinity = 117 
========================================================= 
 
========================================================= 
Memory Usage @ Function report_runtime_state @ 354 
 (VM, Peak VM, RSS, Peak RSS) = (11184, 11184, 884, 884) kilobytes 
========================================================= 
 
========================================================= 
Memory Usage @ Function generate_IC @ 301 
 (VM, Peak VM, RSS, Peak RSS) = (511192, 511192, 252024, 252024) kilobytes 
========================================================= 
 
Game of Life, Step 0:
Elapsed time 0.906605 s
Game of Life, Step 1:
Elapsed time 0.478305 s
Game of Life, Step 2:
Elapsed time 0.461314 s
Game of Life, Step 3:
Elapsed time 0.453251 s
Game of Life, Step 4:
Elapsed time 0.449610 s
Game of Life, Step 5:
Elapsed time 0.445385 s
Game of Life, Step 6:
Elapsed time 0.445380 s
Game of Life, Step 7:
Elapsed time 0.442541 s
Game of Life, Step 8:
Elapsed time 0.440950 s
Game of Life, Step 9:
Elapsed time 0.441663 s
Finnished GOL
Elapsed time 4.965103 s
