========================================================= 
GOL Running with following 
========================================================= 
Requesting grid size of (8000,8000), which requires 0.238419 GB 
Number of steps 10 
IC type 0 
Visualization type -1 
Neighbour rule type 4224560 
Boundary rule type 0 
========================================================= 
 
========================================================= 
Core binding report:
 On node nid002553 : MPI Rank 0 :  Thread 0 :  Core affinity = 119 
========================================================= 
 
========================================================= 
Memory Usage @ Function report_runtime_state @ 354 
 (VM, Peak VM, RSS, Peak RSS) = (11184, 11184, 840, 840) kilobytes 
========================================================= 
 
========================================================= 
Memory Usage @ Function generate_IC @ 301 
 (VM, Peak VM, RSS, Peak RSS) = (511192, 511192, 251980, 251980) kilobytes 
========================================================= 
 
Game of Life, Step 0:
Elapsed time 0.413049 s
Game of Life, Step 1:
Elapsed time 0.121234 s
Game of Life, Step 2:
Elapsed time 0.117462 s
Game of Life, Step 3:
Elapsed time 0.115730 s
Game of Life, Step 4:
Elapsed time 0.114131 s
Game of Life, Step 5:
Elapsed time 0.112819 s
Game of Life, Step 6:
Elapsed time 0.113697 s
Game of Life, Step 7:
Elapsed time 0.112389 s
Game of Life, Step 8:
Elapsed time 0.112386 s
Game of Life, Step 9:
Elapsed time 0.112185 s
Finnished GOL
Elapsed time 1.445179 s
