========================================================= 
GOL Running with following 
========================================================= 
Requesting grid size of (1000,1000), which requires 0.003725 GB 
Number of steps 10 
IC type 0 
Visualization type -1 
Neighbour rule type 4224560 
Boundary rule type 0 
========================================================= 
 
========================================================= 
Core binding report:
 On node nid002553 : MPI Rank 0 :  Thread 0 :  Core affinity = 119 
========================================================= 
 
========================================================= 
Memory Usage @ Function report_runtime_state @ 354 
 (VM, Peak VM, RSS, Peak RSS) = (11184, 11184, 904, 904) kilobytes 
========================================================= 
 
========================================================= 
Memory Usage @ Function generate_IC @ 301 
 (VM, Peak VM, RSS, Peak RSS) = (19000, 19000, 5964, 5964) kilobytes 
========================================================= 
 
Game of Life, Step 0:
Elapsed time 0.035861 s
Game of Life, Step 1:
Elapsed time 0.003377 s
Game of Life, Step 2:
Elapsed time 0.003159 s
Game of Life, Step 3:
Elapsed time 0.002942 s
Game of Life, Step 4:
Elapsed time 0.002751 s
Game of Life, Step 5:
Elapsed time 0.002894 s
Game of Life, Step 6:
Elapsed time 0.003368 s
Game of Life, Step 7:
Elapsed time 0.003230 s
Game of Life, Step 8:
Elapsed time 0.002925 s
Game of Life, Step 9:
Elapsed time 0.002916 s
Finnished GOL
Elapsed time 0.063440 s
