========================================================= 
GOL Running with following 
========================================================= 
Requesting grid size of (6000,6000), which requires 0.134110 GB 
Number of steps 10 
IC type 0 
Visualization type -1 
Neighbour rule type 4224512 
Boundary rule type 0 
========================================================= 
 
========================================================= 
Core binding report:
 On node nid002553 : MPI Rank 0 :  Thread 0 :  Core affinity = 119 
========================================================= 
 
========================================================= 
Memory Usage @ Function report_runtime_state @ 354 
 (VM, Peak VM, RSS, Peak RSS) = (11184, 11184, 852, 852) kilobytes 
========================================================= 
 
========================================================= 
Memory Usage @ Function generate_IC @ 301 
 (VM, Peak VM, RSS, Peak RSS) = (292440, 292440, 142648, 142648) kilobytes 
========================================================= 
 
Game of Life, Step 0:
Elapsed time 0.182154 s
Game of Life, Step 1:
Elapsed time 0.136135 s
Game of Life, Step 2:
Elapsed time 0.131734 s
Game of Life, Step 3:
Elapsed time 0.129415 s
Game of Life, Step 4:
Elapsed time 0.127786 s
Game of Life, Step 5:
Elapsed time 0.128044 s
Game of Life, Step 6:
Elapsed time 0.126643 s
Game of Life, Step 7:
Elapsed time 0.126132 s
Game of Life, Step 8:
Elapsed time 0.126486 s
Game of Life, Step 9:
Elapsed time 0.125866 s
Finnished GOL
Elapsed time 1.340491 s
