========================================================= 
GOL Running with following 
========================================================= 
Requesting grid size of (5000,5000), which requires 0.093132 GB 
Number of steps 10 
IC type 0 
Visualization type -1 
Neighbour rule type 4224656 
Boundary rule type 0 
========================================================= 
 
========================================================= 
Core binding report:
 On node nid002556 : MPI Rank 0 :  Thread 0 :  Core affinity = 120 
========================================================= 
 
========================================================= 
Memory Usage @ Function report_runtime_state @ 354 
 (VM, Peak VM, RSS, Peak RSS) = (11184, 11184, 832, 832) kilobytes 
========================================================= 
 
========================================================= 
Memory Usage @ Function generate_IC @ 301 
 (VM, Peak VM, RSS, Peak RSS) = (206504, 206504, 99720, 99720) kilobytes 
========================================================= 
 
Game of Life, Step 0:
Elapsed time 0.293777 s
Game of Life, Step 1:
Elapsed time 0.025246 s
Game of Life, Step 2:
Elapsed time 0.024347 s
Game of Life, Step 3:
Elapsed time 0.023640 s
Game of Life, Step 4:
Elapsed time 0.023726 s
Game of Life, Step 5:
Elapsed time 0.023630 s
Game of Life, Step 6:
Elapsed time 0.023202 s
Game of Life, Step 7:
Elapsed time 0.023178 s
Game of Life, Step 8:
Elapsed time 0.023120 s
Game of Life, Step 9:
Elapsed time 0.023166 s
Finnished GOL
Elapsed time 0.507187 s
