========================================================= 
GOL Running with following 
========================================================= 
Requesting grid size of (25,25), which requires 0.000002 GB 
Number of steps 10 
IC type 0 
Visualization type 26 
Neighbour rule type 1 
Boundary rule type 0 
========================================================= 
 
========================================================= 
Core binding report:
 On node DESKTOP-CK6525M : MPI Rank 0 :  Thread 0 :  Core affinity = 0-7 
========================================================= 
 
========================================================= 
Memory Usage @ Function report_runtime_state @ 354 
 (VM, Peak VM, RSS, Peak RSS) = (3080, 3080, 1132, 1132) kilobytes 
========================================================= 
 
========================================================= 
Memory Usage @ Function generate_IC @ 301 
 (VM, Peak VM, RSS, Peak RSS) = (3080, 3080, 1132, 1132) kilobytes 
========================================================= 
 
Game of Life, Step 0:
Elapsed time 0.000199 s
Game of Life, Step 1:
Elapsed time 0.000011 s
Game of Life, Step 2:
Elapsed time 0.000017 s
Game of Life, Step 3:
Elapsed time 0.000015 s
Game of Life, Step 4:
Elapsed time 0.000008 s
Game of Life, Step 5:
Elapsed time 0.000008 s
Game of Life, Step 6:
Elapsed time 0.000007 s
Game of Life, Step 7:
Elapsed time 0.000007 s
Game of Life, Step 8:
Elapsed time 0.000006 s
Game of Life, Step 9:
Elapsed time 0.000007 s
Finnished GOL
Elapsed time 0.000289 s
