========================================================= 
GOL Running with following 
========================================================= 
Requesting grid size of (10000,10000), which requires 0.372529 GB 
Number of steps 10 
IC type 0 
Visualization type -1 
Neighbour rule type 4224816 
Boundary rule type 0 
========================================================= 
 
========================================================= 
Core binding report:
 On node nid002536 : MPI Rank 0 :  Thread 0 :  Core affinity = 7 
========================================================= 
 
========================================================= 
Memory Usage @ Function report_runtime_state @ 354 
 (VM, Peak VM, RSS, Peak RSS) = (11184, 11184, 836, 836) kilobytes 
========================================================= 
 
========================================================= 
Memory Usage @ Function generate_IC @ 301 
 (VM, Peak VM, RSS, Peak RSS) = (792440, 792440, 392748, 392748) kilobytes 
========================================================= 
 
Game of Life, Step 0:
Elapsed time 0.879887 s
Game of Life, Step 1:
Elapsed time 0.612813 s
Game of Life, Step 2:
Elapsed time 0.607657 s
Game of Life, Step 3:
Elapsed time 0.605832 s
Game of Life, Step 4:
Elapsed time 0.603788 s
Game of Life, Step 5:
Elapsed time 0.602619 s
Game of Life, Step 6:
Elapsed time 0.601703 s
Game of Life, Step 7:
Elapsed time 0.600960 s
Game of Life, Step 8:
Elapsed time 0.600165 s
Game of Life, Step 9:
Elapsed time 0.600703 s
Finnished GOL
Elapsed time 6.316312 s
