========================================================= 
GOL Running with following 
========================================================= 
Requesting grid size of (40000,40000), which requires 5.960464 GB 
Number of steps 10 
IC type 0 
Visualization type -1 
Neighbour rule type 4224992 
Boundary rule type 0 
========================================================= 
 
========================================================= 
Core binding report:
 On node nid002542 : MPI Rank 0 :  Thread 0 :  Core affinity = 44 
========================================================= 
 
========================================================= 
Memory Usage @ Function report_runtime_state @ 354 
 (VM, Peak VM, RSS, Peak RSS) = (11184, 11184, 888, 888) kilobytes 
========================================================= 
 
========================================================= 
Memory Usage @ Function generate_IC @ 301 
 (VM, Peak VM, RSS, Peak RSS) = (12511192, 12511192, 6252036, 6252036) kilobytes 
========================================================= 
 
Game of Life, Step 0:
Elapsed time 1.669244 s
Game of Life, Step 1:
Elapsed time 1.208897 s
Game of Life, Step 2:
Elapsed time 1.195816 s
Game of Life, Step 3:
Elapsed time 1.191140 s
Game of Life, Step 4:
Elapsed time 1.185440 s
Game of Life, Step 5:
Elapsed time 1.183446 s
Game of Life, Step 6:
Elapsed time 1.179151 s
Game of Life, Step 7:
Elapsed time 1.207985 s
Game of Life, Step 8:
Elapsed time 1.178362 s
Game of Life, Step 9:
Elapsed time 1.177471 s
Finnished GOL
Elapsed time 12.377016 s
