========================================================= 
GOL Running with following 
========================================================= 
Requesting grid size of (20000,20000), which requires 1.490116 GB 
Number of steps 10 
IC type 0 
Visualization type -1 
Neighbour rule type 4224992 
Boundary rule type 0 
========================================================= 
 
========================================================= 
Core binding report:
 On node nid002536 : MPI Rank 0 :  Thread 0 :  Core affinity = 3 
========================================================= 
 
========================================================= 
Memory Usage @ Function report_runtime_state @ 354 
 (VM, Peak VM, RSS, Peak RSS) = (11184, 11184, 836, 836) kilobytes 
========================================================= 
 
========================================================= 
Memory Usage @ Function generate_IC @ 301 
 (VM, Peak VM, RSS, Peak RSS) = (3136192, 3136192, 1564572, 1564572) kilobytes 
========================================================= 
 
Game of Life, Step 0:
Elapsed time 0.526640 s
Game of Life, Step 1:
Elapsed time 0.308022 s
Game of Life, Step 2:
Elapsed time 0.309794 s
Game of Life, Step 3:
Elapsed time 0.302731 s
Game of Life, Step 4:
Elapsed time 0.308908 s
Game of Life, Step 5:
Elapsed time 0.302744 s
Game of Life, Step 6:
Elapsed time 0.310102 s
Game of Life, Step 7:
Elapsed time 0.301065 s
Game of Life, Step 8:
Elapsed time 0.305260 s
Game of Life, Step 9:
Elapsed time 0.301875 s
Finnished GOL
Elapsed time 3.277320 s
