========================================================= 
GOL Running with following 
========================================================= 
Requesting grid size of (10000,10000), which requires 0.372529 GB 
Number of steps 10 
IC type 0 
Visualization type -1 
Neighbour rule type 4225056 
Boundary rule type 0 
========================================================= 
 
========================================================= 
Core binding report:
 On node nid002572 : MPI Rank 0 :  Thread 0 :  Core affinity = 16 
========================================================= 
 
========================================================= 
Memory Usage @ Function report_runtime_state @ 354 
 (VM, Peak VM, RSS, Peak RSS) = (11184, 11184, 908, 908) kilobytes 
========================================================= 
 
========================================================= 
Memory Usage @ Function generate_IC @ 301 
 (VM, Peak VM, RSS, Peak RSS) = (792440, 792440, 392916, 392916) kilobytes 
========================================================= 
 
Game of Life, Step 0:
Elapsed time 0.093281 s
Game of Life, Step 1:
Elapsed time 0.060954 s
Game of Life, Step 2:
Elapsed time 0.051330 s
Game of Life, Step 3:
Elapsed time 0.044978 s
Game of Life, Step 4:
Elapsed time 0.050885 s
Game of Life, Step 5:
Elapsed time 0.061218 s
Game of Life, Step 6:
Elapsed time 0.050905 s
Game of Life, Step 7:
Elapsed time 0.044475 s
Game of Life, Step 8:
Elapsed time 0.051188 s
Game of Life, Step 9:
Elapsed time 0.060463 s
Finnished GOL
Elapsed time 0.569764 s
