========================================================= 
GOL Running with following 
========================================================= 
Requesting grid size of (10000,10000), which requires 0.372529 GB 
Number of steps 10 
IC type 0 
Visualization type -1 
Neighbour rule type 4224992 
Boundary rule type 0 
========================================================= 
 
========================================================= 
Core binding report:
 On node nid002542 : MPI Rank 0 :  Thread 0 :  Core affinity = 44 
========================================================= 
 
========================================================= 
Memory Usage @ Function report_runtime_state @ 354 
 (VM, Peak VM, RSS, Peak RSS) = (11184, 11184, 880, 880) kilobytes 
========================================================= 
 
========================================================= 
Memory Usage @ Function generate_IC @ 301 
 (VM, Peak VM, RSS, Peak RSS) = (792440, 792440, 392860, 392860) kilobytes 
========================================================= 
 
Game of Life, Step 0:
Elapsed time 0.153518 s
Game of Life, Step 1:
Elapsed time 0.090093 s
Game of Life, Step 2:
Elapsed time 0.082804 s
Game of Life, Step 3:
Elapsed time 0.089110 s
Game of Life, Step 4:
Elapsed time 0.076291 s
Game of Life, Step 5:
Elapsed time 0.081939 s
Game of Life, Step 6:
Elapsed time 0.095101 s
Game of Life, Step 7:
Elapsed time 0.084009 s
Game of Life, Step 8:
Elapsed time 0.093628 s
Game of Life, Step 9:
Elapsed time 0.082093 s
Finnished GOL
Elapsed time 0.928651 s
