========================================================= 
GOL Running with following 
========================================================= 
Requesting grid size of (5000,5000), which requires 0.093132 GB 
Number of steps 10 
IC type 0 
Visualization type -1 
Neighbour rule type 4224928 
Boundary rule type 0 
========================================================= 
 
========================================================= 
Core binding report:
 On node nid002539 : MPI Rank 0 :  Thread 0 :  Core affinity = 43 
========================================================= 
 
========================================================= 
Memory Usage @ Function report_runtime_state @ 354 
 (VM, Peak VM, RSS, Peak RSS) = (11184, 11184, 836, 836) kilobytes 
========================================================= 
 
========================================================= 
Memory Usage @ Function generate_IC @ 301 
 (VM, Peak VM, RSS, Peak RSS) = (206504, 206504, 99664, 99664) kilobytes 
========================================================= 
 
Game of Life, Step 0:
Elapsed time 0.060770 s
Game of Life, Step 1:
Elapsed time 0.024698 s
Game of Life, Step 2:
Elapsed time 0.020796 s
Game of Life, Step 3:
Elapsed time 0.020510 s
Game of Life, Step 4:
Elapsed time 0.022181 s
Game of Life, Step 5:
Elapsed time 0.020262 s
Game of Life, Step 6:
Elapsed time 0.021870 s
Game of Life, Step 7:
Elapsed time 0.023892 s
Game of Life, Step 8:
Elapsed time 0.020557 s
Game of Life, Step 9:
Elapsed time 0.020356 s
Finnished GOL
Elapsed time 0.255952 s
