========================================================= 
GOL Running with following 
========================================================= 
Requesting grid size of (10000,10000), which requires 0.372529 GB 
Number of steps 10 
IC type 0 
Visualization type -1 
Neighbour rule type 4224848 
Boundary rule type 0 
========================================================= 
 
========================================================= 
Core binding report:
 On node nid002537 : MPI Rank 0 :  Thread 0 :  Core affinity = 122 
========================================================= 
 
========================================================= 
Memory Usage @ Function report_runtime_state @ 354 
 (VM, Peak VM, RSS, Peak RSS) = (11184, 11184, 832, 832) kilobytes 
========================================================= 
 
========================================================= 
Memory Usage @ Function generate_IC @ 301 
 (VM, Peak VM, RSS, Peak RSS) = (792440, 792440, 392800, 392800) kilobytes 
========================================================= 
 
Game of Life, Step 0:
Elapsed time 0.440062 s
Game of Life, Step 1:
Elapsed time 0.305343 s
Game of Life, Step 2:
Elapsed time 0.302098 s
Game of Life, Step 3:
Elapsed time 0.301557 s
Game of Life, Step 4:
Elapsed time 0.299546 s
Game of Life, Step 5:
Elapsed time 0.299220 s
Game of Life, Step 6:
Elapsed time 0.298524 s
Game of Life, Step 7:
Elapsed time 0.298560 s
Game of Life, Step 8:
Elapsed time 0.297958 s
Game of Life, Step 9:
Elapsed time 0.298390 s
Finnished GOL
Elapsed time 3.141381 s
