========================================================= 
GOL Running with following 
========================================================= 
Requesting grid size of (40000,40000), which requires 5.960464 GB 
Number of steps 10 
IC type 0 
Visualization type -1 
Neighbour rule type 4225184 
Boundary rule type 0 
========================================================= 
 
========================================================= 
Core binding report:
 On node nid002543 : MPI Rank 0 :  Thread 0 :  Core affinity = 25 
========================================================= 
 
========================================================= 
Memory Usage @ Function report_runtime_state @ 354 
 (VM, Peak VM, RSS, Peak RSS) = (11184, 11184, 836, 836) kilobytes 
========================================================= 
 
========================================================= 
Memory Usage @ Function generate_IC @ 301 
 (VM, Peak VM, RSS, Peak RSS) = (12511192, 12511192, 6252036, 6252036) kilobytes 
========================================================= 
 
Game of Life, Step 0:
Elapsed time 0.852613 s
Game of Life, Step 1:
Elapsed time 0.627182 s
Game of Life, Step 2:
Elapsed time 0.605135 s
Game of Life, Step 3:
Elapsed time 0.639374 s
Game of Life, Step 4:
Elapsed time 0.600905 s
Game of Life, Step 5:
Elapsed time 0.635936 s
Game of Life, Step 6:
Elapsed time 0.597814 s
Game of Life, Step 7:
Elapsed time 0.636484 s
Game of Life, Step 8:
Elapsed time 0.596030 s
Game of Life, Step 9:
Elapsed time 0.632603 s
Finnished GOL
Elapsed time 6.424165 s
