========================================================= 
GOL Running with following 
========================================================= 
Requesting grid size of (10,10), which requires 0.000000 GB 
Number of steps 10 
IC type 0 
Visualization type -1 
Neighbour rule type 4224992 
Boundary rule type 0 
========================================================= 
 
========================================================= 
Core binding report:
 On node nid002542 : MPI Rank 0 :  Thread 0 :  Core affinity = 44 
========================================================= 
 
========================================================= 
Memory Usage @ Function report_runtime_state @ 354 
 (VM, Peak VM, RSS, Peak RSS) = (11184, 11184, 852, 852) kilobytes 
========================================================= 
 
========================================================= 
Memory Usage @ Function generate_IC @ 301 
 (VM, Peak VM, RSS, Peak RSS) = (11184, 11184, 852, 852) kilobytes 
========================================================= 
 
Game of Life, Step 0:
Elapsed time 0.042776 s
Game of Life, Step 1:
Elapsed time 0.001569 s
Game of Life, Step 2:
Elapsed time 0.001359 s
Game of Life, Step 3:
Elapsed time 0.001473 s
Game of Life, Step 4:
Elapsed time 0.001441 s
Game of Life, Step 5:
Elapsed time 0.001309 s
Game of Life, Step 6:
Elapsed time 0.001272 s
Game of Life, Step 7:
Elapsed time 0.001243 s
Game of Life, Step 8:
Elapsed time 0.001235 s
Game of Life, Step 9:
Elapsed time 0.001258 s
Finnished GOL
Elapsed time 0.054952 s
