========================================================= 
GOL Running with following 
========================================================= 
Requesting grid size of (20000,20000), which requires 1.490116 GB 
Number of steps 10 
IC type 0 
Visualization type -1 
Neighbour rule type 4224832 
Boundary rule type 0 
========================================================= 
 
========================================================= 
Core binding report:
 On node nid002538 : MPI Rank 0 :  Thread 0 :  Core affinity = 4 
========================================================= 
 
========================================================= 
Memory Usage @ Function report_runtime_state @ 354 
 (VM, Peak VM, RSS, Peak RSS) = (11184, 11184, 852, 852) kilobytes 
========================================================= 
 
========================================================= 
Memory Usage @ Function generate_IC @ 301 
 (VM, Peak VM, RSS, Peak RSS) = (3136192, 3136192, 1564520, 1564520) kilobytes 
========================================================= 
 
Game of Life, Step 0:
Elapsed time 1.761593 s
Game of Life, Step 1:
Elapsed time 1.223405 s
Game of Life, Step 2:
Elapsed time 1.208147 s
Game of Life, Step 3:
Elapsed time 1.238636 s
Game of Life, Step 4:
Elapsed time 1.200515 s
Game of Life, Step 5:
Elapsed time 1.199767 s
Game of Life, Step 6:
Elapsed time 1.198693 s
Game of Life, Step 7:
Elapsed time 1.246167 s
Game of Life, Step 8:
Elapsed time 1.192391 s
Game of Life, Step 9:
Elapsed time 1.189938 s
Finnished GOL
Elapsed time 12.659380 s
