========================================================= 
GOL Running with following 
========================================================= 
Requesting grid size of (10,10), which requires 0.000000 GB 
Number of steps 10 
IC type 0 
Visualization type -1 
Neighbour rule type 4224864 
Boundary rule type 0 
========================================================= 
 
========================================================= 
Core binding report:
 On node nid002538 : MPI Rank 0 :  Thread 0 :  Core affinity = 0 
========================================================= 
 
========================================================= 
Memory Usage @ Function report_runtime_state @ 354 
 (VM, Peak VM, RSS, Peak RSS) = (11184, 11184, 836, 836) kilobytes 
========================================================= 
 
========================================================= 
Memory Usage @ Function generate_IC @ 301 
 (VM, Peak VM, RSS, Peak RSS) = (11184, 11184, 836, 836) kilobytes 
========================================================= 
 
Game of Life, Step 0:
Elapsed time 0.022486 s
Game of Life, Step 1:
Elapsed time 0.001667 s
Game of Life, Step 2:
Elapsed time 0.001434 s
Game of Life, Step 3:
Elapsed time 0.001292 s
Game of Life, Step 4:
Elapsed time 0.001394 s
Game of Life, Step 5:
Elapsed time 0.001258 s
Game of Life, Step 6:
Elapsed time 0.001277 s
Game of Life, Step 7:
Elapsed time 0.001189 s
Game of Life, Step 8:
Elapsed time 0.001173 s
Game of Life, Step 9:
Elapsed time 0.001155 s
Finnished GOL
Elapsed time 0.034337 s
