========================================================= 
GOL Running with following 
========================================================= 
Requesting grid size of (20000,20000), which requires 1.490116 GB 
Number of steps 10 
IC type 0 
Visualization type -1 
Neighbour rule type 4225056 
Boundary rule type 0 
========================================================= 
 
========================================================= 
Core binding report:
 On node nid002548 : MPI Rank 0 :  Thread 0 :  Core affinity = 32 
========================================================= 
 
========================================================= 
Memory Usage @ Function report_runtime_state @ 354 
 (VM, Peak VM, RSS, Peak RSS) = (11184, 11184, 876, 876) kilobytes 
========================================================= 
 
========================================================= 
Memory Usage @ Function generate_IC @ 301 
 (VM, Peak VM, RSS, Peak RSS) = (3136192, 3136192, 1564540, 1564540) kilobytes 
========================================================= 
 
Game of Life, Step 0:
Elapsed time 0.241308 s
Game of Life, Step 1:
Elapsed time 0.171613 s
Game of Life, Step 2:
Elapsed time 0.173721 s
Game of Life, Step 3:
Elapsed time 0.172826 s
Game of Life, Step 4:
Elapsed time 0.173157 s
Game of Life, Step 5:
Elapsed time 0.171726 s
Game of Life, Step 6:
Elapsed time 0.173762 s
Game of Life, Step 7:
Elapsed time 0.171930 s
Game of Life, Step 8:
Elapsed time 0.171781 s
Game of Life, Step 9:
Elapsed time 0.171871 s
Finnished GOL
Elapsed time 1.793756 s
