========================================================= 
GOL Running with following 
========================================================= 
Requesting grid size of (1000,1000), which requires 0.003725 GB 
Number of steps 10 
IC type 0 
Visualization type -1 
Neighbour rule type 4225056 
Boundary rule type 0 
========================================================= 
 
========================================================= 
Core binding report:
 On node nid002592 : MPI Rank 0 :  Thread 0 :  Core affinity = 8 
========================================================= 
 
========================================================= 
Memory Usage @ Function report_runtime_state @ 354 
 (VM, Peak VM, RSS, Peak RSS) = (11184, 11184, 912, 912) kilobytes 
========================================================= 
 
========================================================= 
Memory Usage @ Function generate_IC @ 301 
 (VM, Peak VM, RSS, Peak RSS) = (19000, 19000, 6076, 6076) kilobytes 
========================================================= 
 
Game of Life, Step 0:
Elapsed time 0.021623 s
Game of Life, Step 1:
Elapsed time 0.002380 s
Game of Life, Step 2:
Elapsed time 0.001688 s
Game of Life, Step 3:
Elapsed time 0.001683 s
Game of Life, Step 4:
Elapsed time 0.001709 s
Game of Life, Step 5:
Elapsed time 0.001604 s
Game of Life, Step 6:
Elapsed time 0.001700 s
Game of Life, Step 7:
Elapsed time 0.001629 s
Game of Life, Step 8:
Elapsed time 0.001590 s
Game of Life, Step 9:
Elapsed time 0.001552 s
Finnished GOL
Elapsed time 0.037170 s
