========================================================= 
GOL Running with following 
========================================================= 
Requesting grid size of (5000,5000), which requires 0.093132 GB 
Number of steps 10 
IC type 0 
Visualization type -1 
Neighbour rule type 4225056 
Boundary rule type 0 
========================================================= 
 
========================================================= 
Core binding report:
 On node nid002548 : MPI Rank 0 :  Thread 0 :  Core affinity = 8 
========================================================= 
 
========================================================= 
Memory Usage @ Function report_runtime_state @ 354 
 (VM, Peak VM, RSS, Peak RSS) = (11184, 11184, 840, 840) kilobytes 
========================================================= 
 
========================================================= 
Memory Usage @ Function generate_IC @ 301 
 (VM, Peak VM, RSS, Peak RSS) = (206504, 206504, 99660, 99660) kilobytes 
========================================================= 
 
Game of Life, Step 0:
Elapsed time 0.046502 s
Game of Life, Step 1:
Elapsed time 0.011830 s
Game of Life, Step 2:
Elapsed time 0.049460 s
Game of Life, Step 3:
Elapsed time 0.014638 s
Game of Life, Step 4:
Elapsed time 0.013146 s
Game of Life, Step 5:
Elapsed time 0.011444 s
Game of Life, Step 6:
Elapsed time 0.011823 s
Game of Life, Step 7:
Elapsed time 0.015803 s
Game of Life, Step 8:
Elapsed time 0.011929 s
Game of Life, Step 9:
Elapsed time 0.015948 s
Finnished GOL
Elapsed time 0.202577 s
