========================================================= 
GOL Running with following 
========================================================= 
Requesting grid size of (20000,20000), which requires 1.490116 GB 
Number of steps 10 
IC type 0 
Visualization type -1 
Neighbour rule type 4224864 
Boundary rule type 0 
========================================================= 
 
========================================================= 
Core binding report:
 On node nid002538 : MPI Rank 0 :  Thread 0 :  Core affinity = 0 
========================================================= 
 
========================================================= 
Memory Usage @ Function report_runtime_state @ 354 
 (VM, Peak VM, RSS, Peak RSS) = (11184, 11184, 824, 824) kilobytes 
========================================================= 
 
========================================================= 
Memory Usage @ Function generate_IC @ 301 
 (VM, Peak VM, RSS, Peak RSS) = (3136192, 3136192, 1564624, 1564624) kilobytes 
========================================================= 
 
Game of Life, Step 0:
Elapsed time 0.972519 s
Game of Life, Step 1:
Elapsed time 0.642451 s
Game of Life, Step 2:
Elapsed time 0.628757 s
Game of Life, Step 3:
Elapsed time 0.626819 s
Game of Life, Step 4:
Elapsed time 0.632125 s
Game of Life, Step 5:
Elapsed time 0.626056 s
Game of Life, Step 6:
Elapsed time 0.626965 s
Game of Life, Step 7:
Elapsed time 0.628383 s
Game of Life, Step 8:
Elapsed time 0.628893 s
Game of Life, Step 9:
Elapsed time 0.625612 s
Finnished GOL
Elapsed time 6.638763 s
