========================================================= 
GOL Running with following 
========================================================= 
Requesting grid size of (10,10), which requires 0.000000 GB 
Number of steps 10 
IC type 0 
Visualization type -1 
Neighbour rule type 4224848 
Boundary rule type 0 
========================================================= 
 
========================================================= 
Core binding report:
 On node nid002537 : MPI Rank 0 :  Thread 0 :  Core affinity = 122 
========================================================= 
 
========================================================= 
Memory Usage @ Function report_runtime_state @ 354 
 (VM, Peak VM, RSS, Peak RSS) = (11184, 11184, 852, 852) kilobytes 
========================================================= 
 
========================================================= 
Memory Usage @ Function generate_IC @ 301 
 (VM, Peak VM, RSS, Peak RSS) = (11184, 11184, 852, 852) kilobytes 
========================================================= 
 
Game of Life, Step 0:
Elapsed time 0.017983 s
Game of Life, Step 1:
Elapsed time 0.001700 s
Game of Life, Step 2:
Elapsed time 0.001638 s
Game of Life, Step 3:
Elapsed time 0.001608 s
Game of Life, Step 4:
Elapsed time 0.001645 s
Game of Life, Step 5:
Elapsed time 0.002029 s
Game of Life, Step 6:
Elapsed time 0.001593 s
Game of Life, Step 7:
Elapsed time 0.001507 s
Game of Life, Step 8:
Elapsed time 0.001367 s
Game of Life, Step 9:
Elapsed time 0.001421 s
Finnished GOL
Elapsed time 0.032504 s
