========================================================= 
GOL Running with following 
========================================================= 
Requesting grid size of (1000,1000), which requires 0.003725 GB 
Number of steps 10 
IC type 0 
Visualization type -1 
Neighbour rule type 4224928 
Boundary rule type 0 
========================================================= 
 
========================================================= 
Core binding report:
 On node nid002549 : MPI Rank 0 :  Thread 0 :  Core affinity = 40 
========================================================= 
 
========================================================= 
Memory Usage @ Function report_runtime_state @ 354 
 (VM, Peak VM, RSS, Peak RSS) = (11184, 11184, 920, 920) kilobytes 
========================================================= 
 
========================================================= 
Memory Usage @ Function generate_IC @ 301 
 (VM, Peak VM, RSS, Peak RSS) = (19000, 19000, 5904, 5904) kilobytes 
========================================================= 
 
Game of Life, Step 0:
Elapsed time 0.019932 s
Game of Life, Step 1:
Elapsed time 0.002424 s
Game of Life, Step 2:
Elapsed time 0.002222 s
Game of Life, Step 3:
Elapsed time 0.002064 s
Game of Life, Step 4:
Elapsed time 0.002147 s
Game of Life, Step 5:
Elapsed time 0.002173 s
Game of Life, Step 6:
Elapsed time 0.002040 s
Game of Life, Step 7:
Elapsed time 0.001982 s
Game of Life, Step 8:
Elapsed time 0.002133 s
Game of Life, Step 9:
Elapsed time 0.002013 s
Finnished GOL
Elapsed time 0.039144 s
