========================================================= 
GOL Running with following 
========================================================= 
Requesting grid size of (1000,1000), which requires 0.003725 GB 
Number of steps 10 
IC type 0 
Visualization type -1 
Neighbour rule type 4224832 
Boundary rule type 0 
========================================================= 
 
========================================================= 
Core binding report:
 On node nid002539 : MPI Rank 0 :  Thread 0 :  Core affinity = 45 
========================================================= 
 
========================================================= 
Memory Usage @ Function report_runtime_state @ 354 
 (VM, Peak VM, RSS, Peak RSS) = (11184, 11184, 908, 908) kilobytes 
========================================================= 
 
========================================================= 
Memory Usage @ Function generate_IC @ 301 
 (VM, Peak VM, RSS, Peak RSS) = (19000, 19000, 6072, 6072) kilobytes 
========================================================= 
 
Game of Life, Step 0:
Elapsed time 0.008045 s
Game of Life, Step 1:
Elapsed time 0.004716 s
Game of Life, Step 2:
Elapsed time 0.004610 s
Game of Life, Step 3:
Elapsed time 0.004643 s
Game of Life, Step 4:
Elapsed time 0.004519 s
Game of Life, Step 5:
Elapsed time 0.004573 s
Game of Life, Step 6:
Elapsed time 0.004598 s
Game of Life, Step 7:
Elapsed time 0.004651 s
Game of Life, Step 8:
Elapsed time 0.004523 s
Game of Life, Step 9:
Elapsed time 0.004556 s
Finnished GOL
Elapsed time 0.049445 s
