========================================================= 
GOL Running with following 
========================================================= 
Requesting grid size of (10,10), which requires 0.000000 GB 
Number of steps 10 
IC type 0 
Visualization type -1 
Neighbour rule type 4224816 
Boundary rule type 0 
========================================================= 
 
========================================================= 
Core binding report:
 On node nid002536 : MPI Rank 0 :  Thread 0 :  Core affinity = 7 
========================================================= 
 
========================================================= 
Memory Usage @ Function report_runtime_state @ 354 
 (VM, Peak VM, RSS, Peak RSS) = (11184, 11184, 916, 916) kilobytes 
========================================================= 
 
========================================================= 
Memory Usage @ Function generate_IC @ 301 
 (VM, Peak VM, RSS, Peak RSS) = (11184, 11184, 916, 916) kilobytes 
========================================================= 
 
Game of Life, Step 0:
Elapsed time 0.006329 s
Game of Life, Step 1:
Elapsed time 0.003199 s
Game of Life, Step 2:
Elapsed time 0.002022 s
Game of Life, Step 3:
Elapsed time 0.002018 s
Game of Life, Step 4:
Elapsed time 0.001815 s
Game of Life, Step 5:
Elapsed time 0.002108 s
Game of Life, Step 6:
Elapsed time 0.001964 s
Game of Life, Step 7:
Elapsed time 0.002198 s
Game of Life, Step 8:
Elapsed time 0.002021 s
Game of Life, Step 9:
Elapsed time 0.002188 s
Finnished GOL
Elapsed time 0.025897 s
