========================================================= 
GOL Running with following 
========================================================= 
Requesting grid size of (5000,5000), which requires 0.093132 GB 
Number of steps 10 
IC type 0 
Visualization type -1 
Neighbour rule type 4224816 
Boundary rule type 0 
========================================================= 
 
========================================================= 
Core binding report:
 On node nid002538 : MPI Rank 0 :  Thread 0 :  Core affinity = 4 
========================================================= 
 
========================================================= 
Memory Usage @ Function report_runtime_state @ 354 
 (VM, Peak VM, RSS, Peak RSS) = (11184, 11184, 848, 848) kilobytes 
========================================================= 
 
========================================================= 
Memory Usage @ Function generate_IC @ 301 
 (VM, Peak VM, RSS, Peak RSS) = (206504, 206504, 99740, 99740) kilobytes 
========================================================= 
 
Game of Life, Step 0:
Elapsed time 0.235239 s
Game of Life, Step 1:
Elapsed time 0.157261 s
Game of Life, Step 2:
Elapsed time 0.156232 s
Game of Life, Step 3:
Elapsed time 0.154292 s
Game of Life, Step 4:
Elapsed time 0.151855 s
Game of Life, Step 5:
Elapsed time 0.152905 s
Game of Life, Step 6:
Elapsed time 0.153813 s
Game of Life, Step 7:
Elapsed time 0.153061 s
Game of Life, Step 8:
Elapsed time 0.154110 s
Game of Life, Step 9:
Elapsed time 0.153491 s
Finnished GOL
Elapsed time 1.622397 s
