========================================================= 
GOL Running with following 
========================================================= 
Requesting grid size of (20000,20000), which requires 1.490116 GB 
Number of steps 10 
IC type 0 
Visualization type -1 
Neighbour rule type 1 
Boundary rule type 0 
========================================================= 
 
========================================================= 
Core binding report:
 On node DESKTOP-1DDDBB6 : MPI Rank 0 :  Thread 0 :  Core affinity = 0-5 
========================================================= 
 
========================================================= 
Memory Usage @ Function report_runtime_state @ 354 
 (VM, Peak VM, RSS, Peak RSS) = (3080, 3080, 1140, 1140) kilobytes 
========================================================= 
 
========================================================= 
Memory Usage @ Function generate_IC @ 301 
 (VM, Peak VM, RSS, Peak RSS) = (3128088, 3128088, 1564516, 1564516) kilobytes 
========================================================= 
 
Game of Life, Step 0:
Elapsed time 1.802547 s
Game of Life, Step 1:
Elapsed time 1.473520 s
Game of Life, Step 2:
Elapsed time 1.408882 s
Game of Life, Step 3:
Elapsed time 1.360595 s
Game of Life, Step 4:
Elapsed time 1.367814 s
Game of Life, Step 5:
Elapsed time 1.356755 s
Game of Life, Step 6:
Elapsed time 1.336855 s
Game of Life, Step 7:
Elapsed time 1.334966 s
Game of Life, Step 8:
Elapsed time 1.324139 s
Game of Life, Step 9:
Elapsed time 1.329499 s
Finnished GOL
Elapsed time 14.095626 s
