========================================================= 
GOL Running with following 
========================================================= 
Requesting grid size of (1000,1000), which requires 0.003725 GB 
Number of steps 10 
IC type 0 
Visualization type -1 
Neighbour rule type 1 
Boundary rule type 0 
========================================================= 
 
========================================================= 
Core binding report:
 On node DESKTOP-1DDDBB6 : MPI Rank 0 :  Thread 0 :  Core affinity = 0-5 
========================================================= 
 
========================================================= 
Memory Usage @ Function report_runtime_state @ 354 
 (VM, Peak VM, RSS, Peak RSS) = (3080, 3080, 1116, 1116) kilobytes 
========================================================= 
 
========================================================= 
Memory Usage @ Function generate_IC @ 301 
 (VM, Peak VM, RSS, Peak RSS) = (10896, 10896, 6044, 6044) kilobytes 
========================================================= 
 
Game of Life, Step 0:
Elapsed time 0.004461 s
Game of Life, Step 1:
Elapsed time 0.002545 s
Game of Life, Step 2:
Elapsed time 0.002321 s
Game of Life, Step 3:
Elapsed time 0.002336 s
Game of Life, Step 4:
Elapsed time 0.002178 s
Game of Life, Step 5:
Elapsed time 0.002185 s
Game of Life, Step 6:
Elapsed time 0.002066 s
Game of Life, Step 7:
Elapsed time 0.002256 s
Game of Life, Step 8:
Elapsed time 0.002199 s
Game of Life, Step 9:
Elapsed time 0.002135 s
Finnished GOL
Elapsed time 0.024712 s
