========================================================= 
GOL Running with following 
========================================================= 
Requesting grid size of (20000,20000), which requires 1.490116 GB 
Number of steps 10 
IC type 0 
Visualization type -1 
Neighbour rule type 1 
Boundary rule type 0 
========================================================= 
 
========================================================= 
Core binding report:
 On node DESKTOP-1DDDBB6 : MPI Rank 0 :  Thread 0 :  Core affinity = 0-5 
========================================================= 
 
========================================================= 
Memory Usage @ Function report_runtime_state @ 354 
 (VM, Peak VM, RSS, Peak RSS) = (3080, 3080, 1160, 1160) kilobytes 
========================================================= 
 
========================================================= 
Memory Usage @ Function generate_IC @ 301 
 (VM, Peak VM, RSS, Peak RSS) = (3128088, 3128088, 1564664, 1564664) kilobytes 
========================================================= 
 
Game of Life, Step 0:
Elapsed time 0.927244 s
Game of Life, Step 1:
Elapsed time 0.727201 s
Game of Life, Step 2:
Elapsed time 0.781133 s
Game of Life, Step 3:
Elapsed time 0.730245 s
Game of Life, Step 4:
Elapsed time 0.698508 s
Game of Life, Step 5:
Elapsed time 0.819813 s
Game of Life, Step 6:
Elapsed time 0.711978 s
Game of Life, Step 7:
Elapsed time 0.747159 s
Game of Life, Step 8:
Elapsed time 0.736569 s
Game of Life, Step 9:
Elapsed time 0.679251 s
Finnished GOL
Elapsed time 7.559157 s
