========================================================= 
GOL Running with following 
========================================================= 
Requesting grid size of (1000,1000), which requires 0.003725 GB 
Number of steps 10 
IC type 0 
Visualization type -1 
Neighbour rule type 1 
Boundary rule type 0 
========================================================= 
 
========================================================= 
Core binding report:
 On node DESKTOP-1DDDBB6 : MPI Rank 0 :  Thread 0 :  Core affinity = 0-5 
========================================================= 
 
========================================================= 
Memory Usage @ Function report_runtime_state @ 354 
 (VM, Peak VM, RSS, Peak RSS) = (3080, 3080, 1120, 1120) kilobytes 
========================================================= 
 
========================================================= 
Memory Usage @ Function generate_IC @ 301 
 (VM, Peak VM, RSS, Peak RSS) = (10896, 10896, 5988, 5988) kilobytes 
========================================================= 
 
Game of Life, Step 0:
Elapsed time 0.004646 s
Game of Life, Step 1:
Elapsed time 0.002683 s
Game of Life, Step 2:
Elapsed time 0.002426 s
Game of Life, Step 3:
Elapsed time 0.002634 s
Game of Life, Step 4:
Elapsed time 0.002234 s
Game of Life, Step 5:
Elapsed time 0.002628 s
Game of Life, Step 6:
Elapsed time 0.002108 s
Game of Life, Step 7:
Elapsed time 0.001892 s
Game of Life, Step 8:
Elapsed time 0.002506 s
Game of Life, Step 9:
Elapsed time 0.002328 s
Finnished GOL
Elapsed time 0.026112 s
