========================================================= 
GOL Running with following 
========================================================= 
Requesting grid size of (40000,40000), which requires 5.960464 GB 
Number of steps 10 
IC type 0 
Visualization type -1 
Neighbour rule type 1 
Boundary rule type 0 
========================================================= 
 
========================================================= 
Core binding report:
 On node DESKTOP-1DDDBB6 : MPI Rank 0 :  Thread 0 :  Core affinity = 0-5 
========================================================= 
 
========================================================= 
Memory Usage @ Function report_runtime_state @ 354 
 (VM, Peak VM, RSS, Peak RSS) = (3080, 3080, 1100, 1100) kilobytes 
========================================================= 
 
========================================================= 
Memory Usage @ Function generate_IC @ 301 
 (VM, Peak VM, RSS, Peak RSS) = (12503088, 12503088, 6251976, 6251976) kilobytes 
========================================================= 
 
Game of Life, Step 0:
Elapsed time 3.751377 s
Game of Life, Step 1:
Elapsed time 2.850368 s
Game of Life, Step 2:
Elapsed time 2.041830 s
Game of Life, Step 3:
Elapsed time 2.083140 s
Game of Life, Step 4:
Elapsed time 2.077919 s
Game of Life, Step 5:
Elapsed time 2.077193 s
Game of Life, Step 6:
Elapsed time 2.047511 s
Game of Life, Step 7:
Elapsed time 1.958420 s
Game of Life, Step 8:
Elapsed time 1.957227 s
Game of Life, Step 9:
Elapsed time 2.036464 s
Finnished GOL
Elapsed time 22.881499 s
