========================================================= 
GOL Running with following 
========================================================= 
Requesting grid size of (10,10), which requires 0.000000 GB 
Number of steps 10 
IC type 0 
Visualization type -1 
Neighbour rule type 1 
Boundary rule type 0 
========================================================= 
 
========================================================= 
Core binding report:
 On node DESKTOP-1DDDBB6 : MPI Rank 0 :  Thread 0 :  Core affinity = 0-5 
========================================================= 
 
========================================================= 
Memory Usage @ Function report_runtime_state @ 354 
 (VM, Peak VM, RSS, Peak RSS) = (3080, 3080, 1164, 1164) kilobytes 
========================================================= 
 
========================================================= 
Memory Usage @ Function generate_IC @ 301 
 (VM, Peak VM, RSS, Peak RSS) = (3080, 3080, 1164, 1164) kilobytes 
========================================================= 
 
Game of Life, Step 0:
Elapsed time 0.001806 s
Game of Life, Step 1:
Elapsed time 0.000944 s
Game of Life, Step 2:
Elapsed time 0.001005 s
Game of Life, Step 3:
Elapsed time 0.000995 s
Game of Life, Step 4:
Elapsed time 0.000980 s
Game of Life, Step 5:
Elapsed time 0.000981 s
Game of Life, Step 6:
Elapsed time 0.000969 s
Game of Life, Step 7:
Elapsed time 0.001010 s
Game of Life, Step 8:
Elapsed time 0.000990 s
Game of Life, Step 9:
Elapsed time 0.001004 s
Finnished GOL
Elapsed time 0.010700 s
