========================================================= 
GOL Running with following 
========================================================= 
Requesting grid size of (5000,5000), which requires 0.093132 GB 
Number of steps 10 
IC type 0 
Visualization type -1 
Neighbour rule type 1 
Boundary rule type 0 
========================================================= 
 
========================================================= 
Core binding report:
 On node DESKTOP-1DDDBB6 : MPI Rank 0 :  Thread 0 :  Core affinity = 0-5 
========================================================= 
 
========================================================= 
Memory Usage @ Function report_runtime_state @ 354 
 (VM, Peak VM, RSS, Peak RSS) = (3080, 3080, 1144, 1144) kilobytes 
========================================================= 
 
========================================================= 
Memory Usage @ Function generate_IC @ 301 
 (VM, Peak VM, RSS, Peak RSS) = (198400, 198400, 99756, 99756) kilobytes 
========================================================= 
 
Game of Life, Step 0:
Elapsed time 0.044314 s
Game of Life, Step 1:
Elapsed time 0.037297 s
Game of Life, Step 2:
Elapsed time 0.034166 s
Game of Life, Step 3:
Elapsed time 0.033109 s
Game of Life, Step 4:
Elapsed time 0.035984 s
Game of Life, Step 5:
Elapsed time 0.037657 s
Game of Life, Step 6:
Elapsed time 0.032688 s
Game of Life, Step 7:
Elapsed time 0.032915 s
Game of Life, Step 8:
Elapsed time 0.038222 s
Game of Life, Step 9:
Elapsed time 0.043281 s
Finnished GOL
Elapsed time 0.369686 s
