========================================================= 
GOL Running with following 
========================================================= 
Requesting grid size of (5000,5000), which requires 0.093132 GB 
Number of steps 10 
IC type 0 
Visualization type -1 
Neighbour rule type 1 
Boundary rule type 0 
========================================================= 
 
========================================================= 
Core binding report:
 On node DESKTOP-1DDDBB6 : MPI Rank 0 :  Thread 0 :  Core affinity = 0-5 
========================================================= 
 
========================================================= 
Memory Usage @ Function report_runtime_state @ 354 
 (VM, Peak VM, RSS, Peak RSS) = (3080, 3080, 1116, 1116) kilobytes 
========================================================= 
 
========================================================= 
Memory Usage @ Function generate_IC @ 301 
 (VM, Peak VM, RSS, Peak RSS) = (198400, 198400, 99816, 99816) kilobytes 
========================================================= 
 
Game of Life, Step 0:
Elapsed time 0.267840 s
Game of Life, Step 1:
Elapsed time 0.180023 s
Game of Life, Step 2:
Elapsed time 0.174717 s
Game of Life, Step 3:
Elapsed time 0.169871 s
Game of Life, Step 4:
Elapsed time 0.167307 s
Game of Life, Step 5:
Elapsed time 0.168322 s
Game of Life, Step 6:
Elapsed time 0.170294 s
Game of Life, Step 7:
Elapsed time 0.165076 s
Game of Life, Step 8:
Elapsed time 0.165074 s
Game of Life, Step 9:
Elapsed time 0.164064 s
Finnished GOL
Elapsed time 1.792638 s
