========================================================= 
GOL Running with following 
========================================================= 
Requesting grid size of (20000,20000), which requires 1.490116 GB 
Number of steps 10 
IC type 0 
Visualization type -1 
Neighbour rule type 1 
Boundary rule type 0 
========================================================= 
 
========================================================= 
Core binding report:
 On node DESKTOP-1DDDBB6 : MPI Rank 0 :  Thread 0 :  Core affinity = 0-5 
========================================================= 
 
========================================================= 
Memory Usage @ Function report_runtime_state @ 354 
 (VM, Peak VM, RSS, Peak RSS) = (3080, 3080, 1124, 1124) kilobytes 
========================================================= 
 
========================================================= 
Memory Usage @ Function generate_IC @ 301 
 (VM, Peak VM, RSS, Peak RSS) = (3128088, 3128088, 1564648, 1564648) kilobytes 
========================================================= 
 
Game of Life, Step 0:
Elapsed time 0.761323 s
Game of Life, Step 1:
Elapsed time 0.622475 s
Game of Life, Step 2:
Elapsed time 0.550695 s
Game of Life, Step 3:
Elapsed time 0.774289 s
Game of Life, Step 4:
Elapsed time 0.779118 s
Game of Life, Step 5:
Elapsed time 0.741951 s
Game of Life, Step 6:
Elapsed time 0.588432 s
Game of Life, Step 7:
Elapsed time 0.541679 s
Game of Life, Step 8:
Elapsed time 0.556069 s
Game of Life, Step 9:
Elapsed time 0.762445 s
Finnished GOL
Elapsed time 6.678536 s
