========================================================= 
GOL Running with following 
========================================================= 
Requesting grid size of (40000,40000), which requires 5.960464 GB 
Number of steps 10 
IC type 0 
Visualization type -1 
Neighbour rule type 1 
Boundary rule type 0 
========================================================= 
 
========================================================= 
Core binding report:
 On node DESKTOP-1DDDBB6 : MPI Rank 0 :  Thread 0 :  Core affinity = 0-5 
========================================================= 
 
========================================================= 
Memory Usage @ Function report_runtime_state @ 354 
 (VM, Peak VM, RSS, Peak RSS) = (3080, 3080, 1216, 1216) kilobytes 
========================================================= 
 
========================================================= 
Memory Usage @ Function generate_IC @ 301 
 (VM, Peak VM, RSS, Peak RSS) = (12503088, 12503088, 6251964, 6251964) kilobytes 
========================================================= 
 
Game of Life, Step 0:
Elapsed time 4.092544 s
Game of Life, Step 1:
Elapsed time 2.550078 s
Game of Life, Step 2:
Elapsed time 2.304693 s
Game of Life, Step 3:
Elapsed time 2.035010 s
Game of Life, Step 4:
Elapsed time 2.275710 s
Game of Life, Step 5:
Elapsed time 2.155798 s
Game of Life, Step 6:
Elapsed time 2.111050 s
Game of Life, Step 7:
Elapsed time 2.226145 s
Game of Life, Step 8:
Elapsed time 2.099401 s
Game of Life, Step 9:
Elapsed time 2.078373 s
Finnished GOL
Elapsed time 23.928854 s
