========================================================= 
GOL Running with following 
========================================================= 
Requesting grid size of (40000,40000), which requires 5.960464 GB 
Number of steps 10 
IC type 0 
Visualization type -1 
Neighbour rule type 1 
Boundary rule type 0 
========================================================= 
 
========================================================= 
Core binding report:
 On node DESKTOP-1DDDBB6 : MPI Rank 0 :  Thread 0 :  Core affinity = 0-5 
========================================================= 
 
========================================================= 
Memory Usage @ Function report_runtime_state @ 354 
 (VM, Peak VM, RSS, Peak RSS) = (3080, 3080, 1140, 1140) kilobytes 
========================================================= 
 
========================================================= 
Memory Usage @ Function generate_IC @ 301 
 (VM, Peak VM, RSS, Peak RSS) = (12503088, 12503088, 6251940, 6251940) kilobytes 
========================================================= 
 
Game of Life, Step 0:
Elapsed time 17.678828 s
Game of Life, Step 1:
Elapsed time 11.998799 s
Game of Life, Step 2:
Elapsed time 11.132354 s
Game of Life, Step 3:
Elapsed time 10.867903 s
Game of Life, Step 4:
Elapsed time 10.760197 s
Game of Life, Step 5:
Elapsed time 10.713997 s
Game of Life, Step 6:
Elapsed time 10.659885 s
Game of Life, Step 7:
Elapsed time 10.611729 s
Game of Life, Step 8:
Elapsed time 10.610141 s
Game of Life, Step 9:
Elapsed time 10.602771 s
Finnished GOL
Elapsed time 115.636663 s
