========================================================= 
GOL Running with following 
========================================================= 
Requesting grid size of (10000,10000), which requires 0.372529 GB 
Number of steps 10 
IC type 0 
Visualization type -1 
Neighbour rule type 1 
Boundary rule type 0 
========================================================= 
 
========================================================= 
Core binding report:
 On node DESKTOP-1DDDBB6 : MPI Rank 0 :  Thread 0 :  Core affinity = 0-5 
========================================================= 
 
========================================================= 
Memory Usage @ Function report_runtime_state @ 354 
 (VM, Peak VM, RSS, Peak RSS) = (3080, 3080, 1160, 1160) kilobytes 
========================================================= 
 
========================================================= 
Memory Usage @ Function generate_IC @ 301 
 (VM, Peak VM, RSS, Peak RSS) = (784336, 784336, 392860, 392860) kilobytes 
========================================================= 
 
Game of Life, Step 0:
Elapsed time 1.396039 s
Game of Life, Step 1:
Elapsed time 0.747142 s
Game of Life, Step 2:
Elapsed time 0.743900 s
Game of Life, Step 3:
Elapsed time 0.715543 s
Game of Life, Step 4:
Elapsed time 0.720416 s
Game of Life, Step 5:
Elapsed time 0.700873 s
Game of Life, Step 6:
Elapsed time 0.701801 s
Game of Life, Step 7:
Elapsed time 0.679150 s
Game of Life, Step 8:
Elapsed time 0.683368 s
Game of Life, Step 9:
Elapsed time 0.678686 s
Finnished GOL
Elapsed time 7.766976 s
