========================================================= 
GOL Running with following 
========================================================= 
Requesting grid size of (10000,10000), which requires 0.372529 GB 
Number of steps 10 
IC type 0 
Visualization type -1 
Neighbour rule type 1 
Boundary rule type 0 
========================================================= 
 
========================================================= 
Core binding report:
 On node DESKTOP-1DDDBB6 : MPI Rank 0 :  Thread 0 :  Core affinity = 0-5 
========================================================= 
 
========================================================= 
Memory Usage @ Function report_runtime_state @ 354 
 (VM, Peak VM, RSS, Peak RSS) = (3080, 3080, 1160, 1160) kilobytes 
========================================================= 
 
========================================================= 
Memory Usage @ Function generate_IC @ 301 
 (VM, Peak VM, RSS, Peak RSS) = (784336, 784336, 392856, 392856) kilobytes 
========================================================= 
 
Game of Life, Step 0:
Elapsed time 0.182992 s
Game of Life, Step 1:
Elapsed time 0.150752 s
Game of Life, Step 2:
Elapsed time 0.150687 s
Game of Life, Step 3:
Elapsed time 0.185069 s
Game of Life, Step 4:
Elapsed time 0.217519 s
Game of Life, Step 5:
Elapsed time 0.190040 s
Game of Life, Step 6:
Elapsed time 0.185600 s
Game of Life, Step 7:
Elapsed time 0.182289 s
Game of Life, Step 8:
Elapsed time 0.194694 s
Game of Life, Step 9:
Elapsed time 0.149648 s
Finnished GOL
Elapsed time 1.789349 s
