========================================================= 
GOL Running with following 
========================================================= 
Requesting grid size of (10000,10000), which requires 0.372529 GB 
Number of steps 10 
IC type 0 
Visualization type -1 
Neighbour rule type 0 
Boundary rule type 0 
========================================================= 
 
========================================================= 
Core binding report:
 On node DESKTOP-1DDDBB6 : MPI Rank 0 :  Thread 0 :  Core affinity = 0-5 
========================================================= 
 
========================================================= 
Memory Usage @ Function report_runtime_state @ 354 
 (VM, Peak VM, RSS, Peak RSS) = (2784, 2784, 1112, 1112) kilobytes 
========================================================= 
 
========================================================= 
Memory Usage @ Function generate_IC @ 301 
 (VM, Peak VM, RSS, Peak RSS) = (784040, 784040, 392480, 392480) kilobytes 
========================================================= 
 
Game of Life, Step 0:
Elapsed time 7.184082 s
Game of Life, Step 1:
Elapsed time 5.653319 s
Game of Life, Step 2:
Elapsed time 5.115047 s
Game of Life, Step 3:
Elapsed time 5.469629 s
Game of Life, Step 4:
Elapsed time 5.209954 s
Game of Life, Step 5:
Elapsed time 4.868316 s
Game of Life, Step 6:
Elapsed time 5.147458 s
Game of Life, Step 7:
Elapsed time 5.267999 s
Game of Life, Step 8:
Elapsed time 5.083689 s
Game of Life, Step 9:
Elapsed time 5.276515 s
Finnished GOL
Elapsed time 54.276060 s
